[0.127s] Invoking command in '/home/hoseok/turtlebot3_ws/build/turtlebot3_fake_node': CMAKE_PREFIX_PATH=${CMAKE_PREFIX_PATH}:/opt/ros/humble /usr/bin/cmake /home/hoseok/turtlebot3_ws/src/turtlebot3_simulations/turtlebot3_fake_node -DCMAKE_INSTALL_PREFIX=/home/hoseok/turtlebot3_ws/install/turtlebot3_fake_node
[0.158s] -- The C compiler identification is GNU 11.4.0
[0.194s] -- The CXX compiler identification is GNU 11.4.0
[0.198s] -- Detecting C compiler ABI info
[0.236s] -- Detecting C compiler ABI info - done
[0.241s] -- Check for working C compiler: /usr/bin/cc - skipped
[0.241s] -- Detecting C compile features
[0.241s] -- Detecting C compile features - done
[0.243s] -- Detecting CXX compiler ABI info
[0.283s] -- Detecting CXX compiler ABI info - done
[0.287s] -- Check for working CXX compiler: /usr/bin/c++ - skipped
[0.287s] -- Detecting CXX compile features
[0.287s] -- Detecting CXX compile features - done
[0.288s] -- Found ament_cmake: 1.3.6 (/opt/ros/humble/share/ament_cmake/cmake)
[0.385s] -- Found Python3: /usr/bin/python3.10 (found version "3.10.12") found components: Interpreter 
[0.442s] -- Found geometry_msgs: 4.2.3 (/opt/ros/humble/share/geometry_msgs/cmake)
[0.462s] -- Found rosidl_generator_c: 3.1.5 (/opt/ros/humble/share/rosidl_generator_c/cmake)
[0.465s] -- Found rosidl_adapter: 3.1.5 (/opt/ros/humble/share/rosidl_adapter/cmake)
[0.470s] -- Found rosidl_generator_cpp: 3.1.5 (/opt/ros/humble/share/rosidl_generator_cpp/cmake)
[0.478s] -- Using all available rosidl_typesupport_c: rosidl_typesupport_fastrtps_c;rosidl_typesupport_introspection_c
[0.489s] -- Using all available rosidl_typesupport_cpp: rosidl_typesupport_fastrtps_cpp;rosidl_typesupport_introspection_cpp
[0.556s] -- Found nav_msgs: 4.2.3 (/opt/ros/humble/share/nav_msgs/cmake)
[0.603s] -- Found rclcpp: 16.0.7 (/opt/ros/humble/share/rclcpp/cmake)
[0.636s] -- Found rmw_implementation_cmake: 6.1.1 (/opt/ros/humble/share/rmw_implementation_cmake/cmake)
[0.638s] -- Found rmw_fastrtps_cpp: 6.2.5 (/opt/ros/humble/share/rmw_fastrtps_cpp/cmake)
[0.686s] -- Found OpenSSL: /usr/lib/x86_64-linux-gnu/libcrypto.so (found version "3.0.2")  
[0.701s] -- Found FastRTPS: /opt/ros/humble/include  
[0.728s] -- Using RMW implementation 'rmw_fastrtps_cpp' as default
[0.733s] -- Looking for pthread.h
[0.769s] -- Looking for pthread.h - found
[0.769s] -- Performing Test CMAKE_HAVE_LIBC_PTHREAD
[0.807s] -- Performing Test CMAKE_HAVE_LIBC_PTHREAD - Success
[0.807s] -- Found Threads: TRUE  
[0.878s] -- Found sensor_msgs: 4.2.3 (/opt/ros/humble/share/sensor_msgs/cmake)
[0.929s] -- Found tf2: 0.25.5 (/opt/ros/humble/share/tf2/cmake)
[0.942s] -- Found tf2_msgs: 0.25.5 (/opt/ros/humble/share/tf2_msgs/cmake)
[1.065s] -- Found turtlebot3_msgs: 2.2.3 (/opt/ros/humble/share/turtlebot3_msgs/cmake)
[1.147s] -- Configuring done
[1.153s] -- Generating done
[1.154s] -- Build files have been written to: /home/hoseok/turtlebot3_ws/build/turtlebot3_fake_node
[1.161s] Invoked command in '/home/hoseok/turtlebot3_ws/build/turtlebot3_fake_node' returned '0': CMAKE_PREFIX_PATH=${CMAKE_PREFIX_PATH}:/opt/ros/humble /usr/bin/cmake /home/hoseok/turtlebot3_ws/src/turtlebot3_simulations/turtlebot3_fake_node -DCMAKE_INSTALL_PREFIX=/home/hoseok/turtlebot3_ws/install/turtlebot3_fake_node
[1.161s] Invoking command in '/home/hoseok/turtlebot3_ws/build/turtlebot3_fake_node': CMAKE_PREFIX_PATH=${CMAKE_PREFIX_PATH}:/opt/ros/humble /usr/bin/cmake --build /home/hoseok/turtlebot3_ws/build/turtlebot3_fake_node -- -j16 -l16
[1.185s] [ 50%] [32mBuilding CXX object CMakeFiles/turtlebot3_fake_node.dir/src/turtlebot3_fake_node.cpp.o[0m
[7.071s] [100%] [32m[1mLinking CXX executable turtlebot3_fake_node[0m
[7.570s] [100%] Built target turtlebot3_fake_node
[7.581s] Invoked command in '/home/hoseok/turtlebot3_ws/build/turtlebot3_fake_node' returned '0': CMAKE_PREFIX_PATH=${CMAKE_PREFIX_PATH}:/opt/ros/humble /usr/bin/cmake --build /home/hoseok/turtlebot3_ws/build/turtlebot3_fake_node -- -j16 -l16
[7.603s] Invoking command in '/home/hoseok/turtlebot3_ws/build/turtlebot3_fake_node': CMAKE_PREFIX_PATH=${CMAKE_PREFIX_PATH}:/opt/ros/humble /usr/bin/cmake --install /home/hoseok/turtlebot3_ws/build/turtlebot3_fake_node
[7.610s] -- Install configuration: ""
[7.610s] -- Installing: /home/hoseok/turtlebot3_ws/install/turtlebot3_fake_node/lib/turtlebot3_fake_node/turtlebot3_fake_node
[7.614s] -- Set runtime path of "/home/hoseok/turtlebot3_ws/install/turtlebot3_fake_node/lib/turtlebot3_fake_node/turtlebot3_fake_node" to ""
[7.614s] -- Installing: /home/hoseok/turtlebot3_ws/install/turtlebot3_fake_node/share/turtlebot3_fake_node/launch
[7.614s] -- Installing: /home/hoseok/turtlebot3_ws/install/turtlebot3_fake_node/share/turtlebot3_fake_node/launch/rviz2.launch.py
[7.614s] -- Installing: /home/hoseok/turtlebot3_ws/install/turtlebot3_fake_node/share/turtlebot3_fake_node/launch/turtlebot3_fake_node.launch.py
[7.614s] -- Installing: /home/hoseok/turtlebot3_ws/install/turtlebot3_fake_node/share/turtlebot3_fake_node/param
[7.614s] -- Installing: /home/hoseok/turtlebot3_ws/install/turtlebot3_fake_node/share/turtlebot3_fake_node/param/burger.yaml
[7.614s] -- Installing: /home/hoseok/turtlebot3_ws/install/turtlebot3_fake_node/share/turtlebot3_fake_node/param/waffle.yaml
[7.614s] -- Installing: /home/hoseok/turtlebot3_ws/install/turtlebot3_fake_node/share/turtlebot3_fake_node/param/waffle_pi.yaml
[7.614s] -- Installing: /home/hoseok/turtlebot3_ws/install/turtlebot3_fake_node/include/
[7.615s] -- Installing: /home/hoseok/turtlebot3_ws/install/turtlebot3_fake_node/include//turtlebot3_fake_node
[7.615s] -- Installing: /home/hoseok/turtlebot3_ws/install/turtlebot3_fake_node/include//turtlebot3_fake_node/turtlebot3_fake_node.hpp
[7.615s] -- Installing: /home/hoseok/turtlebot3_ws/install/turtlebot3_fake_node/share/ament_index/resource_index/package_run_dependencies/turtlebot3_fake_node
[7.615s] -- Installing: /home/hoseok/turtlebot3_ws/install/turtlebot3_fake_node/share/ament_index/resource_index/parent_prefix_path/turtlebot3_fake_node
[7.615s] -- Installing: /home/hoseok/turtlebot3_ws/install/turtlebot3_fake_node/share/turtlebot3_fake_node/environment/ament_prefix_path.sh
[7.615s] -- Installing: /home/hoseok/turtlebot3_ws/install/turtlebot3_fake_node/share/turtlebot3_fake_node/environment/ament_prefix_path.dsv
[7.615s] -- Installing: /home/hoseok/turtlebot3_ws/install/turtlebot3_fake_node/share/turtlebot3_fake_node/environment/path.sh
[7.615s] -- Installing: /home/hoseok/turtlebot3_ws/install/turtlebot3_fake_node/share/turtlebot3_fake_node/environment/path.dsv
[7.615s] -- Installing: /home/hoseok/turtlebot3_ws/install/turtlebot3_fake_node/share/turtlebot3_fake_node/local_setup.bash
[7.615s] -- Installing: /home/hoseok/turtlebot3_ws/install/turtlebot3_fake_node/share/turtlebot3_fake_node/local_setup.sh
[7.615s] -- Installing: /home/hoseok/turtlebot3_ws/install/turtlebot3_fake_node/share/turtlebot3_fake_node/local_setup.zsh
[7.615s] -- Installing: /home/hoseok/turtlebot3_ws/install/turtlebot3_fake_node/share/turtlebot3_fake_node/local_setup.dsv
[7.615s] -- Installing: /home/hoseok/turtlebot3_ws/install/turtlebot3_fake_node/share/turtlebot3_fake_node/package.dsv
[7.615s] -- Installing: /home/hoseok/turtlebot3_ws/install/turtlebot3_fake_node/share/ament_index/resource_index/packages/turtlebot3_fake_node
[7.616s] -- Installing: /home/hoseok/turtlebot3_ws/install/turtlebot3_fake_node/share/turtlebot3_fake_node/cmake/ament_cmake_export_include_directories-extras.cmake
[7.616s] -- Installing: /home/hoseok/turtlebot3_ws/install/turtlebot3_fake_node/share/turtlebot3_fake_node/cmake/ament_cmake_export_dependencies-extras.cmake
[7.616s] -- Installing: /home/hoseok/turtlebot3_ws/install/turtlebot3_fake_node/share/turtlebot3_fake_node/cmake/turtlebot3_fake_nodeConfig.cmake
[7.616s] -- Installing: /home/hoseok/turtlebot3_ws/install/turtlebot3_fake_node/share/turtlebot3_fake_node/cmake/turtlebot3_fake_nodeConfig-version.cmake
[7.616s] -- Installing: /home/hoseok/turtlebot3_ws/install/turtlebot3_fake_node/share/turtlebot3_fake_node/package.xml
[7.618s] Invoked command in '/home/hoseok/turtlebot3_ws/build/turtlebot3_fake_node' returned '0': CMAKE_PREFIX_PATH=${CMAKE_PREFIX_PATH}:/opt/ros/humble /usr/bin/cmake --install /home/hoseok/turtlebot3_ws/build/turtlebot3_fake_node
