[0.442s] DEBUG:colcon:Command line arguments: ['/usr/bin/colcon', 'build']
[0.442s] DEBUG:colcon:Parsed command line arguments: Namespace(log_base=None, log_level=None, verb_name='build', build_base='build', install_base='install', merge_install=False, symlink_install=False, test_result_base=None, continue_on_error=False, executor='parallel', parallel_workers=16, event_handlers=None, ignore_user_meta=False, metas=['./colcon.meta'], base_paths=['.'], packages_ignore=None, packages_ignore_regex=None, paths=None, packages_up_to=None, packages_up_to_regex=None, packages_above=None, packages_above_and_dependencies=None, packages_above_depth=None, packages_select_by_dep=None, packages_skip_by_dep=None, packages_skip_up_to=None, packages_select_build_failed=False, packages_skip_build_finished=False, packages_select_test_failures=False, packages_skip_test_passed=False, packages_select=None, packages_skip=None, packages_select_regex=None, packages_skip_regex=None, packages_start=None, packages_end=None, allow_overriding=[], cmake_args=None, cmake_target=None, cmake_target_skip_unavailable=False, cmake_clean_cache=False, cmake_clean_first=False, cmake_force_configure=False, ament_cmake_args=None, catkin_cmake_args=None, catkin_skip_building_tests=False, verb_parser=<colcon_defaults.argument_parser.defaults.DefaultArgumentsDecorator object at 0x7f11966302b0>, verb_extension=<colcon_core.verb.build.BuildVerb object at 0x7f1196ad6fb0>, main=<bound method BuildVerb.main of <colcon_core.verb.build.BuildVerb object at 0x7f1196ad6fb0>>)
[0.463s] Level 1:colcon.colcon_core.package_discovery:discover_packages(colcon_meta) check parameters
[0.463s] Level 1:colcon.colcon_core.package_discovery:discover_packages(recursive) check parameters
[0.463s] Level 1:colcon.colcon_core.package_discovery:discover_packages(ignore) check parameters
[0.463s] Level 1:colcon.colcon_core.package_discovery:discover_packages(path) check parameters
[0.463s] Level 1:colcon.colcon_core.package_discovery:discover_packages(colcon_meta) discover
[0.464s] Level 1:colcon.colcon_core.package_discovery:discover_packages(recursive) discover
[0.464s] INFO:colcon.colcon_core.package_discovery:Crawling recursively for packages in '/home/hoseok/turtlebot3_ws'
[0.464s] Level 1:colcon.colcon_core.package_identification:_identify(.) by extensions ['ignore', 'ignore_ament_install']
[0.464s] Level 1:colcon.colcon_core.package_identification:_identify(.) by extension 'ignore'
[0.464s] Level 1:colcon.colcon_core.package_identification:_identify(.) by extension 'ignore_ament_install'
[0.464s] Level 1:colcon.colcon_core.package_identification:_identify(.) by extensions ['colcon_pkg']
[0.464s] Level 1:colcon.colcon_core.package_identification:_identify(.) by extension 'colcon_pkg'
[0.464s] Level 1:colcon.colcon_core.package_identification:_identify(.) by extensions ['colcon_meta']
[0.464s] Level 1:colcon.colcon_core.package_identification:_identify(.) by extension 'colcon_meta'
[0.464s] Level 1:colcon.colcon_core.package_identification:_identify(.) by extensions ['ros']
[0.464s] Level 1:colcon.colcon_core.package_identification:_identify(.) by extension 'ros'
[0.469s] Level 1:colcon.colcon_core.package_identification:_identify(.) by extensions ['cmake', 'python']
[0.469s] Level 1:colcon.colcon_core.package_identification:_identify(.) by extension 'cmake'
[0.469s] Level 1:colcon.colcon_core.package_identification:_identify(.) by extension 'python'
[0.470s] Level 1:colcon.colcon_core.package_identification:_identify(.) by extensions ['python_setup_py']
[0.470s] Level 1:colcon.colcon_core.package_identification:_identify(.) by extension 'python_setup_py'
[0.470s] Level 1:colcon.colcon_core.package_identification:_identify(build) by extensions ['ignore', 'ignore_ament_install']
[0.470s] Level 1:colcon.colcon_core.package_identification:_identify(build) by extension 'ignore'
[0.470s] Level 1:colcon.colcon_core.package_identification:_identify(build) ignored
[0.470s] Level 1:colcon.colcon_core.package_identification:_identify(install) by extensions ['ignore', 'ignore_ament_install']
[0.470s] Level 1:colcon.colcon_core.package_identification:_identify(install) by extension 'ignore'
[0.470s] Level 1:colcon.colcon_core.package_identification:_identify(install) ignored
[0.470s] Level 1:colcon.colcon_core.package_identification:_identify(log) by extensions ['ignore', 'ignore_ament_install']
[0.470s] Level 1:colcon.colcon_core.package_identification:_identify(log) by extension 'ignore'
[0.470s] Level 1:colcon.colcon_core.package_identification:_identify(log) ignored
[0.470s] Level 1:colcon.colcon_core.package_identification:_identify(src) by extensions ['ignore', 'ignore_ament_install']
[0.470s] Level 1:colcon.colcon_core.package_identification:_identify(src) by extension 'ignore'
[0.470s] Level 1:colcon.colcon_core.package_identification:_identify(src) by extension 'ignore_ament_install'
[0.470s] Level 1:colcon.colcon_core.package_identification:_identify(src) by extensions ['colcon_pkg']
[0.470s] Level 1:colcon.colcon_core.package_identification:_identify(src) by extension 'colcon_pkg'
[0.470s] Level 1:colcon.colcon_core.package_identification:_identify(src) by extensions ['colcon_meta']
[0.470s] Level 1:colcon.colcon_core.package_identification:_identify(src) by extension 'colcon_meta'
[0.470s] Level 1:colcon.colcon_core.package_identification:_identify(src) by extensions ['ros']
[0.470s] Level 1:colcon.colcon_core.package_identification:_identify(src) by extension 'ros'
[0.470s] Level 1:colcon.colcon_core.package_identification:_identify(src) by extensions ['cmake', 'python']
[0.470s] Level 1:colcon.colcon_core.package_identification:_identify(src) by extension 'cmake'
[0.470s] Level 1:colcon.colcon_core.package_identification:_identify(src) by extension 'python'
[0.470s] Level 1:colcon.colcon_core.package_identification:_identify(src) by extensions ['python_setup_py']
[0.470s] Level 1:colcon.colcon_core.package_identification:_identify(src) by extension 'python_setup_py'
[0.470s] Level 1:colcon.colcon_core.package_identification:_identify(src/turtlebot3_bringup) by extensions ['ignore', 'ignore_ament_install']
[0.470s] Level 1:colcon.colcon_core.package_identification:_identify(src/turtlebot3_bringup) by extension 'ignore'
[0.470s] Level 1:colcon.colcon_core.package_identification:_identify(src/turtlebot3_bringup) by extension 'ignore_ament_install'
[0.470s] Level 1:colcon.colcon_core.package_identification:_identify(src/turtlebot3_bringup) by extensions ['colcon_pkg']
[0.470s] Level 1:colcon.colcon_core.package_identification:_identify(src/turtlebot3_bringup) by extension 'colcon_pkg'
[0.470s] Level 1:colcon.colcon_core.package_identification:_identify(src/turtlebot3_bringup) by extensions ['colcon_meta']
[0.470s] Level 1:colcon.colcon_core.package_identification:_identify(src/turtlebot3_bringup) by extension 'colcon_meta'
[0.470s] Level 1:colcon.colcon_core.package_identification:_identify(src/turtlebot3_bringup) by extensions ['ros']
[0.470s] Level 1:colcon.colcon_core.package_identification:_identify(src/turtlebot3_bringup) by extension 'ros'
[0.472s] DEBUG:colcon.colcon_core.package_identification:Package 'src/turtlebot3_bringup' with type 'ros.ament_cmake' and name 'turtlebot3_bringup'
[0.472s] Level 1:colcon.colcon_core.package_identification:_identify(src/turtlebot3_cartographer) by extensions ['ignore', 'ignore_ament_install']
[0.472s] Level 1:colcon.colcon_core.package_identification:_identify(src/turtlebot3_cartographer) by extension 'ignore'
[0.472s] Level 1:colcon.colcon_core.package_identification:_identify(src/turtlebot3_cartographer) by extension 'ignore_ament_install'
[0.472s] Level 1:colcon.colcon_core.package_identification:_identify(src/turtlebot3_cartographer) by extensions ['colcon_pkg']
[0.472s] Level 1:colcon.colcon_core.package_identification:_identify(src/turtlebot3_cartographer) by extension 'colcon_pkg'
[0.472s] Level 1:colcon.colcon_core.package_identification:_identify(src/turtlebot3_cartographer) by extensions ['colcon_meta']
[0.472s] Level 1:colcon.colcon_core.package_identification:_identify(src/turtlebot3_cartographer) by extension 'colcon_meta'
[0.472s] Level 1:colcon.colcon_core.package_identification:_identify(src/turtlebot3_cartographer) by extensions ['ros']
[0.472s] Level 1:colcon.colcon_core.package_identification:_identify(src/turtlebot3_cartographer) by extension 'ros'
[0.472s] DEBUG:colcon.colcon_core.package_identification:Package 'src/turtlebot3_cartographer' with type 'ros.ament_cmake' and name 'turtlebot3_cartographer'
[0.472s] Level 1:colcon.colcon_core.package_identification:_identify(src/turtlebot3_description) by extensions ['ignore', 'ignore_ament_install']
[0.472s] Level 1:colcon.colcon_core.package_identification:_identify(src/turtlebot3_description) by extension 'ignore'
[0.472s] Level 1:colcon.colcon_core.package_identification:_identify(src/turtlebot3_description) by extension 'ignore_ament_install'
[0.472s] Level 1:colcon.colcon_core.package_identification:_identify(src/turtlebot3_description) by extensions ['colcon_pkg']
[0.472s] Level 1:colcon.colcon_core.package_identification:_identify(src/turtlebot3_description) by extension 'colcon_pkg'
[0.472s] Level 1:colcon.colcon_core.package_identification:_identify(src/turtlebot3_description) by extensions ['colcon_meta']
[0.472s] Level 1:colcon.colcon_core.package_identification:_identify(src/turtlebot3_description) by extension 'colcon_meta'
[0.472s] Level 1:colcon.colcon_core.package_identification:_identify(src/turtlebot3_description) by extensions ['ros']
[0.472s] Level 1:colcon.colcon_core.package_identification:_identify(src/turtlebot3_description) by extension 'ros'
[0.473s] DEBUG:colcon.colcon_core.package_identification:Package 'src/turtlebot3_description' with type 'ros.ament_cmake' and name 'turtlebot3_description'
[0.473s] Level 1:colcon.colcon_core.package_identification:_identify(src/turtlebot3_navigation2) by extensions ['ignore', 'ignore_ament_install']
[0.473s] Level 1:colcon.colcon_core.package_identification:_identify(src/turtlebot3_navigation2) by extension 'ignore'
[0.473s] Level 1:colcon.colcon_core.package_identification:_identify(src/turtlebot3_navigation2) by extension 'ignore_ament_install'
[0.473s] Level 1:colcon.colcon_core.package_identification:_identify(src/turtlebot3_navigation2) by extensions ['colcon_pkg']
[0.473s] Level 1:colcon.colcon_core.package_identification:_identify(src/turtlebot3_navigation2) by extension 'colcon_pkg'
[0.473s] Level 1:colcon.colcon_core.package_identification:_identify(src/turtlebot3_navigation2) by extensions ['colcon_meta']
[0.473s] Level 1:colcon.colcon_core.package_identification:_identify(src/turtlebot3_navigation2) by extension 'colcon_meta'
[0.473s] Level 1:colcon.colcon_core.package_identification:_identify(src/turtlebot3_navigation2) by extensions ['ros']
[0.473s] Level 1:colcon.colcon_core.package_identification:_identify(src/turtlebot3_navigation2) by extension 'ros'
[0.473s] DEBUG:colcon.colcon_core.package_identification:Package 'src/turtlebot3_navigation2' with type 'ros.ament_cmake' and name 'turtlebot3_navigation2'
[0.473s] Level 1:colcon.colcon_core.package_identification:_identify(src/turtlebot3_simulations) by extensions ['ignore', 'ignore_ament_install']
[0.473s] Level 1:colcon.colcon_core.package_identification:_identify(src/turtlebot3_simulations) by extension 'ignore'
[0.473s] Level 1:colcon.colcon_core.package_identification:_identify(src/turtlebot3_simulations) by extension 'ignore_ament_install'
[0.473s] Level 1:colcon.colcon_core.package_identification:_identify(src/turtlebot3_simulations) by extensions ['colcon_pkg']
[0.473s] Level 1:colcon.colcon_core.package_identification:_identify(src/turtlebot3_simulations) by extension 'colcon_pkg'
[0.473s] Level 1:colcon.colcon_core.package_identification:_identify(src/turtlebot3_simulations) by extensions ['colcon_meta']
[0.473s] Level 1:colcon.colcon_core.package_identification:_identify(src/turtlebot3_simulations) by extension 'colcon_meta'
[0.473s] Level 1:colcon.colcon_core.package_identification:_identify(src/turtlebot3_simulations) by extensions ['ros']
[0.473s] Level 1:colcon.colcon_core.package_identification:_identify(src/turtlebot3_simulations) by extension 'ros'
[0.473s] Level 1:colcon.colcon_core.package_identification:_identify(src/turtlebot3_simulations) by extensions ['cmake', 'python']
[0.473s] Level 1:colcon.colcon_core.package_identification:_identify(src/turtlebot3_simulations) by extension 'cmake'
[0.473s] Level 1:colcon.colcon_core.package_identification:_identify(src/turtlebot3_simulations) by extension 'python'
[0.473s] Level 1:colcon.colcon_core.package_identification:_identify(src/turtlebot3_simulations) by extensions ['python_setup_py']
[0.473s] Level 1:colcon.colcon_core.package_identification:_identify(src/turtlebot3_simulations) by extension 'python_setup_py'
[0.473s] Level 1:colcon.colcon_core.package_identification:_identify(src/turtlebot3_simulations/turtlebot3_fake_node) by extensions ['ignore', 'ignore_ament_install']
[0.473s] Level 1:colcon.colcon_core.package_identification:_identify(src/turtlebot3_simulations/turtlebot3_fake_node) by extension 'ignore'
[0.473s] Level 1:colcon.colcon_core.package_identification:_identify(src/turtlebot3_simulations/turtlebot3_fake_node) by extension 'ignore_ament_install'
[0.473s] Level 1:colcon.colcon_core.package_identification:_identify(src/turtlebot3_simulations/turtlebot3_fake_node) by extensions ['colcon_pkg']
[0.473s] Level 1:colcon.colcon_core.package_identification:_identify(src/turtlebot3_simulations/turtlebot3_fake_node) by extension 'colcon_pkg'
[0.473s] Level 1:colcon.colcon_core.package_identification:_identify(src/turtlebot3_simulations/turtlebot3_fake_node) by extensions ['colcon_meta']
[0.473s] Level 1:colcon.colcon_core.package_identification:_identify(src/turtlebot3_simulations/turtlebot3_fake_node) by extension 'colcon_meta'
[0.473s] Level 1:colcon.colcon_core.package_identification:_identify(src/turtlebot3_simulations/turtlebot3_fake_node) by extensions ['ros']
[0.474s] Level 1:colcon.colcon_core.package_identification:_identify(src/turtlebot3_simulations/turtlebot3_fake_node) by extension 'ros'
[0.474s] DEBUG:colcon.colcon_core.package_identification:Package 'src/turtlebot3_simulations/turtlebot3_fake_node' with type 'ros.ament_cmake' and name 'turtlebot3_fake_node'
[0.474s] Level 1:colcon.colcon_core.package_identification:_identify(src/turtlebot3_simulations/turtlebot3_gazebo) by extensions ['ignore', 'ignore_ament_install']
[0.474s] Level 1:colcon.colcon_core.package_identification:_identify(src/turtlebot3_simulations/turtlebot3_gazebo) by extension 'ignore'
[0.474s] Level 1:colcon.colcon_core.package_identification:_identify(src/turtlebot3_simulations/turtlebot3_gazebo) by extension 'ignore_ament_install'
[0.474s] Level 1:colcon.colcon_core.package_identification:_identify(src/turtlebot3_simulations/turtlebot3_gazebo) by extensions ['colcon_pkg']
[0.474s] Level 1:colcon.colcon_core.package_identification:_identify(src/turtlebot3_simulations/turtlebot3_gazebo) by extension 'colcon_pkg'
[0.474s] Level 1:colcon.colcon_core.package_identification:_identify(src/turtlebot3_simulations/turtlebot3_gazebo) by extensions ['colcon_meta']
[0.474s] Level 1:colcon.colcon_core.package_identification:_identify(src/turtlebot3_simulations/turtlebot3_gazebo) by extension 'colcon_meta'
[0.474s] Level 1:colcon.colcon_core.package_identification:_identify(src/turtlebot3_simulations/turtlebot3_gazebo) by extensions ['ros']
[0.474s] Level 1:colcon.colcon_core.package_identification:_identify(src/turtlebot3_simulations/turtlebot3_gazebo) by extension 'ros'
[0.475s] DEBUG:colcon.colcon_core.package_identification:Package 'src/turtlebot3_simulations/turtlebot3_gazebo' with type 'ros.ament_cmake' and name 'turtlebot3_gazebo'
[0.475s] Level 1:colcon.colcon_core.package_identification:_identify(src/turtlebot3_simulations/turtlebot3_simulations) by extensions ['ignore', 'ignore_ament_install']
[0.475s] Level 1:colcon.colcon_core.package_identification:_identify(src/turtlebot3_simulations/turtlebot3_simulations) by extension 'ignore'
[0.475s] Level 1:colcon.colcon_core.package_identification:_identify(src/turtlebot3_simulations/turtlebot3_simulations) by extension 'ignore_ament_install'
[0.475s] Level 1:colcon.colcon_core.package_identification:_identify(src/turtlebot3_simulations/turtlebot3_simulations) by extensions ['colcon_pkg']
[0.475s] Level 1:colcon.colcon_core.package_identification:_identify(src/turtlebot3_simulations/turtlebot3_simulations) by extension 'colcon_pkg'
[0.475s] Level 1:colcon.colcon_core.package_identification:_identify(src/turtlebot3_simulations/turtlebot3_simulations) by extensions ['colcon_meta']
[0.475s] Level 1:colcon.colcon_core.package_identification:_identify(src/turtlebot3_simulations/turtlebot3_simulations) by extension 'colcon_meta'
[0.475s] Level 1:colcon.colcon_core.package_identification:_identify(src/turtlebot3_simulations/turtlebot3_simulations) by extensions ['ros']
[0.475s] Level 1:colcon.colcon_core.package_identification:_identify(src/turtlebot3_simulations/turtlebot3_simulations) by extension 'ros'
[0.475s] DEBUG:colcon.colcon_core.package_identification:Package 'src/turtlebot3_simulations/turtlebot3_simulations' with type 'ros.ament_cmake' and name 'turtlebot3_simulations'
[0.475s] Level 1:colcon.colcon_core.package_discovery:discover_packages(recursive) using defaults
[0.475s] Level 1:colcon.colcon_core.package_discovery:discover_packages(ignore) discover
[0.475s] Level 1:colcon.colcon_core.package_discovery:discover_packages(ignore) using defaults
[0.475s] Level 1:colcon.colcon_core.package_discovery:discover_packages(path) discover
[0.475s] Level 1:colcon.colcon_core.package_discovery:discover_packages(path) using defaults
[0.517s] Level 1:colcon.colcon_core.package_discovery:discover_packages(prefix_path) check parameters
[0.517s] Level 1:colcon.colcon_core.package_discovery:discover_packages(prefix_path) discover
[0.530s] DEBUG:colcon.colcon_installed_package_information.package_discovery:Found 6 installed packages in /home/hoseok/turtlebot3_ws/install
[0.537s] DEBUG:colcon.colcon_installed_package_information.package_discovery:Found 380 installed packages in /opt/ros/humble
[0.543s] Level 1:colcon.colcon_core.package_discovery:discover_packages(prefix_path) using defaults
[0.591s] Level 5:colcon.colcon_core.verb:set package 'turtlebot3_cartographer' build argument 'cmake_args' from command line to 'None'
[0.591s] Level 5:colcon.colcon_core.verb:set package 'turtlebot3_cartographer' build argument 'cmake_target' from command line to 'None'
[0.591s] Level 5:colcon.colcon_core.verb:set package 'turtlebot3_cartographer' build argument 'cmake_target_skip_unavailable' from command line to 'False'
[0.591s] Level 5:colcon.colcon_core.verb:set package 'turtlebot3_cartographer' build argument 'cmake_clean_cache' from command line to 'False'
[0.591s] Level 5:colcon.colcon_core.verb:set package 'turtlebot3_cartographer' build argument 'cmake_clean_first' from command line to 'False'
[0.591s] Level 5:colcon.colcon_core.verb:set package 'turtlebot3_cartographer' build argument 'cmake_force_configure' from command line to 'False'
[0.591s] Level 5:colcon.colcon_core.verb:set package 'turtlebot3_cartographer' build argument 'ament_cmake_args' from command line to 'None'
[0.591s] Level 5:colcon.colcon_core.verb:set package 'turtlebot3_cartographer' build argument 'catkin_cmake_args' from command line to 'None'
[0.591s] Level 5:colcon.colcon_core.verb:set package 'turtlebot3_cartographer' build argument 'catkin_skip_building_tests' from command line to 'False'
[0.591s] DEBUG:colcon.colcon_core.verb:Building package 'turtlebot3_cartographer' with the following arguments: {'ament_cmake_args': None, 'build_base': '/home/hoseok/turtlebot3_ws/build/turtlebot3_cartographer', 'catkin_cmake_args': None, 'catkin_skip_building_tests': False, 'cmake_args': None, 'cmake_clean_cache': False, 'cmake_clean_first': False, 'cmake_force_configure': False, 'cmake_target': None, 'cmake_target_skip_unavailable': False, 'install_base': '/home/hoseok/turtlebot3_ws/install/turtlebot3_cartographer', 'merge_install': False, 'path': '/home/hoseok/turtlebot3_ws/src/turtlebot3_cartographer', 'symlink_install': False, 'test_result_base': None}
[0.598s] Level 5:colcon.colcon_core.verb:set package 'turtlebot3_description' build argument 'cmake_args' from command line to 'None'
[0.598s] Level 5:colcon.colcon_core.verb:set package 'turtlebot3_description' build argument 'cmake_target' from command line to 'None'
[0.598s] Level 5:colcon.colcon_core.verb:set package 'turtlebot3_description' build argument 'cmake_target_skip_unavailable' from command line to 'False'
[0.598s] Level 5:colcon.colcon_core.verb:set package 'turtlebot3_description' build argument 'cmake_clean_cache' from command line to 'False'
[0.598s] Level 5:colcon.colcon_core.verb:set package 'turtlebot3_description' build argument 'cmake_clean_first' from command line to 'False'
[0.598s] Level 5:colcon.colcon_core.verb:set package 'turtlebot3_description' build argument 'cmake_force_configure' from command line to 'False'
[0.598s] Level 5:colcon.colcon_core.verb:set package 'turtlebot3_description' build argument 'ament_cmake_args' from command line to 'None'
[0.598s] Level 5:colcon.colcon_core.verb:set package 'turtlebot3_description' build argument 'catkin_cmake_args' from command line to 'None'
[0.598s] Level 5:colcon.colcon_core.verb:set package 'turtlebot3_description' build argument 'catkin_skip_building_tests' from command line to 'False'
[0.598s] DEBUG:colcon.colcon_core.verb:Building package 'turtlebot3_description' with the following arguments: {'ament_cmake_args': None, 'build_base': '/home/hoseok/turtlebot3_ws/build/turtlebot3_description', 'catkin_cmake_args': None, 'catkin_skip_building_tests': False, 'cmake_args': None, 'cmake_clean_cache': False, 'cmake_clean_first': False, 'cmake_force_configure': False, 'cmake_target': None, 'cmake_target_skip_unavailable': False, 'install_base': '/home/hoseok/turtlebot3_ws/install/turtlebot3_description', 'merge_install': False, 'path': '/home/hoseok/turtlebot3_ws/src/turtlebot3_description', 'symlink_install': False, 'test_result_base': None}
[0.604s] Level 5:colcon.colcon_core.verb:set package 'turtlebot3_fake_node' build argument 'cmake_args' from command line to 'None'
[0.604s] Level 5:colcon.colcon_core.verb:set package 'turtlebot3_fake_node' build argument 'cmake_target' from command line to 'None'
[0.604s] Level 5:colcon.colcon_core.verb:set package 'turtlebot3_fake_node' build argument 'cmake_target_skip_unavailable' from command line to 'False'
[0.604s] Level 5:colcon.colcon_core.verb:set package 'turtlebot3_fake_node' build argument 'cmake_clean_cache' from command line to 'False'
[0.604s] Level 5:colcon.colcon_core.verb:set package 'turtlebot3_fake_node' build argument 'cmake_clean_first' from command line to 'False'
[0.604s] Level 5:colcon.colcon_core.verb:set package 'turtlebot3_fake_node' build argument 'cmake_force_configure' from command line to 'False'
[0.604s] Level 5:colcon.colcon_core.verb:set package 'turtlebot3_fake_node' build argument 'ament_cmake_args' from command line to 'None'
[0.604s] Level 5:colcon.colcon_core.verb:set package 'turtlebot3_fake_node' build argument 'catkin_cmake_args' from command line to 'None'
[0.604s] Level 5:colcon.colcon_core.verb:set package 'turtlebot3_fake_node' build argument 'catkin_skip_building_tests' from command line to 'False'
[0.604s] DEBUG:colcon.colcon_core.verb:Building package 'turtlebot3_fake_node' with the following arguments: {'ament_cmake_args': None, 'build_base': '/home/hoseok/turtlebot3_ws/build/turtlebot3_fake_node', 'catkin_cmake_args': None, 'catkin_skip_building_tests': False, 'cmake_args': None, 'cmake_clean_cache': False, 'cmake_clean_first': False, 'cmake_force_configure': False, 'cmake_target': None, 'cmake_target_skip_unavailable': False, 'install_base': '/home/hoseok/turtlebot3_ws/install/turtlebot3_fake_node', 'merge_install': False, 'path': '/home/hoseok/turtlebot3_ws/src/turtlebot3_simulations/turtlebot3_fake_node', 'symlink_install': False, 'test_result_base': None}
[0.611s] Level 5:colcon.colcon_core.verb:set package 'turtlebot3_gazebo' build argument 'cmake_args' from command line to 'None'
[0.611s] Level 5:colcon.colcon_core.verb:set package 'turtlebot3_gazebo' build argument 'cmake_target' from command line to 'None'
[0.611s] Level 5:colcon.colcon_core.verb:set package 'turtlebot3_gazebo' build argument 'cmake_target_skip_unavailable' from command line to 'False'
[0.611s] Level 5:colcon.colcon_core.verb:set package 'turtlebot3_gazebo' build argument 'cmake_clean_cache' from command line to 'False'
[0.611s] Level 5:colcon.colcon_core.verb:set package 'turtlebot3_gazebo' build argument 'cmake_clean_first' from command line to 'False'
[0.611s] Level 5:colcon.colcon_core.verb:set package 'turtlebot3_gazebo' build argument 'cmake_force_configure' from command line to 'False'
[0.611s] Level 5:colcon.colcon_core.verb:set package 'turtlebot3_gazebo' build argument 'ament_cmake_args' from command line to 'None'
[0.611s] Level 5:colcon.colcon_core.verb:set package 'turtlebot3_gazebo' build argument 'catkin_cmake_args' from command line to 'None'
[0.611s] Level 5:colcon.colcon_core.verb:set package 'turtlebot3_gazebo' build argument 'catkin_skip_building_tests' from command line to 'False'
[0.611s] DEBUG:colcon.colcon_core.verb:Building package 'turtlebot3_gazebo' with the following arguments: {'ament_cmake_args': None, 'build_base': '/home/hoseok/turtlebot3_ws/build/turtlebot3_gazebo', 'catkin_cmake_args': None, 'catkin_skip_building_tests': False, 'cmake_args': None, 'cmake_clean_cache': False, 'cmake_clean_first': False, 'cmake_force_configure': False, 'cmake_target': None, 'cmake_target_skip_unavailable': False, 'install_base': '/home/hoseok/turtlebot3_ws/install/turtlebot3_gazebo', 'merge_install': False, 'path': '/home/hoseok/turtlebot3_ws/src/turtlebot3_simulations/turtlebot3_gazebo', 'symlink_install': False, 'test_result_base': None}
[0.617s] Level 5:colcon.colcon_core.verb:set package 'turtlebot3_navigation2' build argument 'cmake_args' from command line to 'None'
[0.617s] Level 5:colcon.colcon_core.verb:set package 'turtlebot3_navigation2' build argument 'cmake_target' from command line to 'None'
[0.617s] Level 5:colcon.colcon_core.verb:set package 'turtlebot3_navigation2' build argument 'cmake_target_skip_unavailable' from command line to 'False'
[0.617s] Level 5:colcon.colcon_core.verb:set package 'turtlebot3_navigation2' build argument 'cmake_clean_cache' from command line to 'False'
[0.617s] Level 5:colcon.colcon_core.verb:set package 'turtlebot3_navigation2' build argument 'cmake_clean_first' from command line to 'False'
[0.617s] Level 5:colcon.colcon_core.verb:set package 'turtlebot3_navigation2' build argument 'cmake_force_configure' from command line to 'False'
[0.617s] Level 5:colcon.colcon_core.verb:set package 'turtlebot3_navigation2' build argument 'ament_cmake_args' from command line to 'None'
[0.617s] Level 5:colcon.colcon_core.verb:set package 'turtlebot3_navigation2' build argument 'catkin_cmake_args' from command line to 'None'
[0.617s] Level 5:colcon.colcon_core.verb:set package 'turtlebot3_navigation2' build argument 'catkin_skip_building_tests' from command line to 'False'
[0.617s] DEBUG:colcon.colcon_core.verb:Building package 'turtlebot3_navigation2' with the following arguments: {'ament_cmake_args': None, 'build_base': '/home/hoseok/turtlebot3_ws/build/turtlebot3_navigation2', 'catkin_cmake_args': None, 'catkin_skip_building_tests': False, 'cmake_args': None, 'cmake_clean_cache': False, 'cmake_clean_first': False, 'cmake_force_configure': False, 'cmake_target': None, 'cmake_target_skip_unavailable': False, 'install_base': '/home/hoseok/turtlebot3_ws/install/turtlebot3_navigation2', 'merge_install': False, 'path': '/home/hoseok/turtlebot3_ws/src/turtlebot3_navigation2', 'symlink_install': False, 'test_result_base': None}
[0.623s] Level 5:colcon.colcon_core.verb:set package 'turtlebot3_bringup' build argument 'cmake_args' from command line to 'None'
[0.623s] Level 5:colcon.colcon_core.verb:set package 'turtlebot3_bringup' build argument 'cmake_target' from command line to 'None'
[0.623s] Level 5:colcon.colcon_core.verb:set package 'turtlebot3_bringup' build argument 'cmake_target_skip_unavailable' from command line to 'False'
[0.623s] Level 5:colcon.colcon_core.verb:set package 'turtlebot3_bringup' build argument 'cmake_clean_cache' from command line to 'False'
[0.624s] Level 5:colcon.colcon_core.verb:set package 'turtlebot3_bringup' build argument 'cmake_clean_first' from command line to 'False'
[0.624s] Level 5:colcon.colcon_core.verb:set package 'turtlebot3_bringup' build argument 'cmake_force_configure' from command line to 'False'
[0.624s] Level 5:colcon.colcon_core.verb:set package 'turtlebot3_bringup' build argument 'ament_cmake_args' from command line to 'None'
[0.624s] Level 5:colcon.colcon_core.verb:set package 'turtlebot3_bringup' build argument 'catkin_cmake_args' from command line to 'None'
[0.624s] Level 5:colcon.colcon_core.verb:set package 'turtlebot3_bringup' build argument 'catkin_skip_building_tests' from command line to 'False'
[0.624s] DEBUG:colcon.colcon_core.verb:Building package 'turtlebot3_bringup' with the following arguments: {'ament_cmake_args': None, 'build_base': '/home/hoseok/turtlebot3_ws/build/turtlebot3_bringup', 'catkin_cmake_args': None, 'catkin_skip_building_tests': False, 'cmake_args': None, 'cmake_clean_cache': False, 'cmake_clean_first': False, 'cmake_force_configure': False, 'cmake_target': None, 'cmake_target_skip_unavailable': False, 'install_base': '/home/hoseok/turtlebot3_ws/install/turtlebot3_bringup', 'merge_install': False, 'path': '/home/hoseok/turtlebot3_ws/src/turtlebot3_bringup', 'symlink_install': False, 'test_result_base': None}
[0.630s] Level 5:colcon.colcon_core.verb:set package 'turtlebot3_simulations' build argument 'cmake_args' from command line to 'None'
[0.630s] Level 5:colcon.colcon_core.verb:set package 'turtlebot3_simulations' build argument 'cmake_target' from command line to 'None'
[0.630s] Level 5:colcon.colcon_core.verb:set package 'turtlebot3_simulations' build argument 'cmake_target_skip_unavailable' from command line to 'False'
[0.630s] Level 5:colcon.colcon_core.verb:set package 'turtlebot3_simulations' build argument 'cmake_clean_cache' from command line to 'False'
[0.630s] Level 5:colcon.colcon_core.verb:set package 'turtlebot3_simulations' build argument 'cmake_clean_first' from command line to 'False'
[0.630s] Level 5:colcon.colcon_core.verb:set package 'turtlebot3_simulations' build argument 'cmake_force_configure' from command line to 'False'
[0.630s] Level 5:colcon.colcon_core.verb:set package 'turtlebot3_simulations' build argument 'ament_cmake_args' from command line to 'None'
[0.630s] Level 5:colcon.colcon_core.verb:set package 'turtlebot3_simulations' build argument 'catkin_cmake_args' from command line to 'None'
[0.630s] Level 5:colcon.colcon_core.verb:set package 'turtlebot3_simulations' build argument 'catkin_skip_building_tests' from command line to 'False'
[0.630s] DEBUG:colcon.colcon_core.verb:Building package 'turtlebot3_simulations' with the following arguments: {'ament_cmake_args': None, 'build_base': '/home/hoseok/turtlebot3_ws/build/turtlebot3_simulations', 'catkin_cmake_args': None, 'catkin_skip_building_tests': False, 'cmake_args': None, 'cmake_clean_cache': False, 'cmake_clean_first': False, 'cmake_force_configure': False, 'cmake_target': None, 'cmake_target_skip_unavailable': False, 'install_base': '/home/hoseok/turtlebot3_ws/install/turtlebot3_simulations', 'merge_install': False, 'path': '/home/hoseok/turtlebot3_ws/src/turtlebot3_simulations/turtlebot3_simulations', 'symlink_install': False, 'test_result_base': None}
[0.636s] INFO:colcon.colcon_core.executor:Executing jobs using 'parallel' executor
[0.643s] DEBUG:colcon.colcon_parallel_executor.executor.parallel:run_until_complete
[0.643s] INFO:colcon.colcon_ros.task.ament_cmake.build:Building ROS package in '/home/hoseok/turtlebot3_ws/src/turtlebot3_description' with build type 'ament_cmake'
[0.643s] INFO:colcon.colcon_cmake.task.cmake.build:Building CMake package in '/home/hoseok/turtlebot3_ws/src/turtlebot3_description'
[0.650s] INFO:colcon.colcon_core.plugin_system:Skipping extension 'colcon_core.shell.bat': Not used on non-Windows systems
[0.650s] INFO:colcon.colcon_core.shell:Skip shell extension 'powershell' for command environment: Not usable outside of PowerShell
[0.651s] DEBUG:colcon.colcon_core.shell:Skip shell extension 'dsv' for command environment
[0.671s] INFO:colcon.colcon_ros.task.ament_cmake.build:Building ROS package in '/home/hoseok/turtlebot3_ws/src/turtlebot3_simulations/turtlebot3_fake_node' with build type 'ament_cmake'
[0.671s] INFO:colcon.colcon_cmake.task.cmake.build:Building CMake package in '/home/hoseok/turtlebot3_ws/src/turtlebot3_simulations/turtlebot3_fake_node'
[0.679s] INFO:colcon.colcon_core.shell:Skip shell extension 'powershell' for command environment: Not usable outside of PowerShell
[0.679s] DEBUG:colcon.colcon_core.shell:Skip shell extension 'dsv' for command environment
[0.701s] INFO:colcon.colcon_ros.task.ament_cmake.build:Building ROS package in '/home/hoseok/turtlebot3_ws/src/turtlebot3_simulations/turtlebot3_gazebo' with build type 'ament_cmake'
[0.701s] INFO:colcon.colcon_cmake.task.cmake.build:Building CMake package in '/home/hoseok/turtlebot3_ws/src/turtlebot3_simulations/turtlebot3_gazebo'
[0.708s] INFO:colcon.colcon_core.shell:Skip shell extension 'powershell' for command environment: Not usable outside of PowerShell
[0.709s] DEBUG:colcon.colcon_core.shell:Skip shell extension 'dsv' for command environment
[0.731s] INFO:colcon.colcon_ros.task.ament_cmake.build:Building ROS package in '/home/hoseok/turtlebot3_ws/src/turtlebot3_cartographer' with build type 'ament_cmake'
[0.731s] INFO:colcon.colcon_cmake.task.cmake.build:Building CMake package in '/home/hoseok/turtlebot3_ws/src/turtlebot3_cartographer'
[0.739s] INFO:colcon.colcon_core.shell:Skip shell extension 'powershell' for command environment: Not usable outside of PowerShell
[0.739s] DEBUG:colcon.colcon_core.shell:Skip shell extension 'dsv' for command environment
[0.762s] INFO:colcon.colcon_ros.task.ament_cmake.build:Building ROS package in '/home/hoseok/turtlebot3_ws/src/turtlebot3_navigation2' with build type 'ament_cmake'
[0.762s] INFO:colcon.colcon_cmake.task.cmake.build:Building CMake package in '/home/hoseok/turtlebot3_ws/src/turtlebot3_navigation2'
[0.770s] INFO:colcon.colcon_core.shell:Skip shell extension 'powershell' for command environment: Not usable outside of PowerShell
[0.770s] DEBUG:colcon.colcon_core.shell:Skip shell extension 'dsv' for command environment
[0.796s] DEBUG:colcon.colcon_core.event_handler.log_command:Invoking command in '/home/hoseok/turtlebot3_ws/build/turtlebot3_description': CMAKE_PREFIX_PATH=${CMAKE_PREFIX_PATH}:/opt/ros/humble /usr/bin/cmake --build /home/hoseok/turtlebot3_ws/build/turtlebot3_description -- -j16 -l16
[0.798s] DEBUG:colcon.colcon_core.event_handler.log_command:Invoking command in '/home/hoseok/turtlebot3_ws/build/turtlebot3_fake_node': CMAKE_PREFIX_PATH=${CMAKE_PREFIX_PATH}:/opt/ros/humble /usr/bin/cmake /home/hoseok/turtlebot3_ws/src/turtlebot3_simulations/turtlebot3_fake_node -DCMAKE_INSTALL_PREFIX=/home/hoseok/turtlebot3_ws/install/turtlebot3_fake_node
[0.801s] DEBUG:colcon.colcon_core.event_handler.log_command:Invoking command in '/home/hoseok/turtlebot3_ws/build/turtlebot3_gazebo': CMAKE_PREFIX_PATH=${CMAKE_PREFIX_PATH}:/opt/ros/humble /usr/bin/cmake /home/hoseok/turtlebot3_ws/src/turtlebot3_simulations/turtlebot3_gazebo -DCMAKE_INSTALL_PREFIX=/home/hoseok/turtlebot3_ws/install/turtlebot3_gazebo
[0.802s] DEBUG:colcon.colcon_core.event_handler.log_command:Invoking command in '/home/hoseok/turtlebot3_ws/build/turtlebot3_cartographer': CMAKE_PREFIX_PATH=${CMAKE_PREFIX_PATH}:/opt/ros/humble /usr/bin/cmake --build /home/hoseok/turtlebot3_ws/build/turtlebot3_cartographer -- -j16 -l16
[0.808s] DEBUG:colcon.colcon_core.event_handler.log_command:Invoking command in '/home/hoseok/turtlebot3_ws/build/turtlebot3_navigation2': CMAKE_PREFIX_PATH=${CMAKE_PREFIX_PATH}:/opt/ros/humble /usr/bin/cmake --build /home/hoseok/turtlebot3_ws/build/turtlebot3_navigation2 -- -j16 -l16
[0.818s] DEBUG:colcon.colcon_core.event_handler.log_command:Invoked command in '/home/hoseok/turtlebot3_ws/build/turtlebot3_description' returned '0': CMAKE_PREFIX_PATH=${CMAKE_PREFIX_PATH}:/opt/ros/humble /usr/bin/cmake --build /home/hoseok/turtlebot3_ws/build/turtlebot3_description -- -j16 -l16
[0.824s] DEBUG:colcon.colcon_core.event_handler.log_command:Invoked command in '/home/hoseok/turtlebot3_ws/build/turtlebot3_cartographer' returned '0': CMAKE_PREFIX_PATH=${CMAKE_PREFIX_PATH}:/opt/ros/humble /usr/bin/cmake --build /home/hoseok/turtlebot3_ws/build/turtlebot3_cartographer -- -j16 -l16
[0.828s] DEBUG:colcon.colcon_core.event_handler.log_command:Invoked command in '/home/hoseok/turtlebot3_ws/build/turtlebot3_navigation2' returned '0': CMAKE_PREFIX_PATH=${CMAKE_PREFIX_PATH}:/opt/ros/humble /usr/bin/cmake --build /home/hoseok/turtlebot3_ws/build/turtlebot3_navigation2 -- -j16 -l16
[0.835s] DEBUG:colcon.colcon_core.event_handler.log_command:Invoking command in '/home/hoseok/turtlebot3_ws/build/turtlebot3_description': CMAKE_PREFIX_PATH=${CMAKE_PREFIX_PATH}:/opt/ros/humble /usr/bin/cmake --install /home/hoseok/turtlebot3_ws/build/turtlebot3_description
[0.838s] DEBUG:colcon.colcon_core.event_handler.log_command:Invoking command in '/home/hoseok/turtlebot3_ws/build/turtlebot3_cartographer': CMAKE_PREFIX_PATH=${CMAKE_PREFIX_PATH}:/opt/ros/humble /usr/bin/cmake --install /home/hoseok/turtlebot3_ws/build/turtlebot3_cartographer
[0.841s] Level 1:colcon.colcon_core.environment:create_environment_scripts_only(turtlebot3_description)
[0.845s] DEBUG:colcon.colcon_core.event_handler.log_command:Invoking command in '/home/hoseok/turtlebot3_ws/build/turtlebot3_navigation2': CMAKE_PREFIX_PATH=${CMAKE_PREFIX_PATH}:/opt/ros/humble /usr/bin/cmake --install /home/hoseok/turtlebot3_ws/build/turtlebot3_navigation2
[0.845s] DEBUG:colcon.colcon_core.event_handler.log_command:Invoked command in '/home/hoseok/turtlebot3_ws/build/turtlebot3_description' returned '0': CMAKE_PREFIX_PATH=${CMAKE_PREFIX_PATH}:/opt/ros/humble /usr/bin/cmake --install /home/hoseok/turtlebot3_ws/build/turtlebot3_description
[0.858s] Level 1:colcon.colcon_core.environment:checking '/home/hoseok/turtlebot3_ws/install/turtlebot3_description' for CMake module files
[0.858s] Level 1:colcon.colcon_core.environment:checking '/home/hoseok/turtlebot3_ws/install/turtlebot3_description' for CMake config files
[0.858s] Level 1:colcon.colcon_core.shell:create_environment_hook('turtlebot3_description', 'cmake_prefix_path')
[0.865s] INFO:colcon.colcon_core.shell:Creating environment hook '/home/hoseok/turtlebot3_ws/install/turtlebot3_description/share/turtlebot3_description/hook/cmake_prefix_path.ps1'
[0.866s] INFO:colcon.colcon_core.shell:Creating environment descriptor '/home/hoseok/turtlebot3_ws/install/turtlebot3_description/share/turtlebot3_description/hook/cmake_prefix_path.dsv'
[0.866s] INFO:colcon.colcon_core.shell:Creating environment hook '/home/hoseok/turtlebot3_ws/install/turtlebot3_description/share/turtlebot3_description/hook/cmake_prefix_path.sh'
[0.867s] Level 1:colcon.colcon_core.environment:checking '/home/hoseok/turtlebot3_ws/install/turtlebot3_description/bin'
[0.867s] Level 1:colcon.colcon_core.environment:checking '/home/hoseok/turtlebot3_ws/install/turtlebot3_description/lib/pkgconfig/turtlebot3_description.pc'
[0.867s] Level 1:colcon.colcon_core.environment:checking '/home/hoseok/turtlebot3_ws/install/turtlebot3_description/lib/python3.10/site-packages'
[0.867s] Level 1:colcon.colcon_core.environment:checking '/home/hoseok/turtlebot3_ws/install/turtlebot3_description/bin'
[0.874s] INFO:colcon.colcon_core.shell:Creating package script '/home/hoseok/turtlebot3_ws/install/turtlebot3_description/share/turtlebot3_description/package.ps1'
[0.875s] INFO:colcon.colcon_core.shell:Creating package descriptor '/home/hoseok/turtlebot3_ws/install/turtlebot3_description/share/turtlebot3_description/package.dsv'
[0.875s] INFO:colcon.colcon_core.shell:Creating package script '/home/hoseok/turtlebot3_ws/install/turtlebot3_description/share/turtlebot3_description/package.sh'
[0.876s] INFO:colcon.colcon_core.shell:Creating package script '/home/hoseok/turtlebot3_ws/install/turtlebot3_description/share/turtlebot3_description/package.bash'
[0.876s] INFO:colcon.colcon_core.shell:Creating package script '/home/hoseok/turtlebot3_ws/install/turtlebot3_description/share/turtlebot3_description/package.zsh'
[0.876s] Level 1:colcon.colcon_core.environment:create_file_with_runtime_dependencies(/home/hoseok/turtlebot3_ws/install/turtlebot3_description/share/colcon-core/packages/turtlebot3_description)
[0.878s] Level 1:colcon.colcon_core.environment:create_environment_scripts_only(turtlebot3_cartographer)
[0.878s] DEBUG:colcon.colcon_core.event_handler.log_command:Invoked command in '/home/hoseok/turtlebot3_ws/build/turtlebot3_cartographer' returned '0': CMAKE_PREFIX_PATH=${CMAKE_PREFIX_PATH}:/opt/ros/humble /usr/bin/cmake --install /home/hoseok/turtlebot3_ws/build/turtlebot3_cartographer
[0.886s] Level 1:colcon.colcon_core.environment:checking '/home/hoseok/turtlebot3_ws/install/turtlebot3_cartographer' for CMake module files
[0.886s] Level 1:colcon.colcon_core.environment:checking '/home/hoseok/turtlebot3_ws/install/turtlebot3_cartographer' for CMake config files
[0.887s] Level 1:colcon.colcon_core.shell:create_environment_hook('turtlebot3_cartographer', 'cmake_prefix_path')
[0.894s] INFO:colcon.colcon_core.shell:Creating environment hook '/home/hoseok/turtlebot3_ws/install/turtlebot3_cartographer/share/turtlebot3_cartographer/hook/cmake_prefix_path.ps1'
[0.894s] INFO:colcon.colcon_core.shell:Creating environment descriptor '/home/hoseok/turtlebot3_ws/install/turtlebot3_cartographer/share/turtlebot3_cartographer/hook/cmake_prefix_path.dsv'
[0.894s] INFO:colcon.colcon_core.shell:Creating environment hook '/home/hoseok/turtlebot3_ws/install/turtlebot3_cartographer/share/turtlebot3_cartographer/hook/cmake_prefix_path.sh'
[0.894s] Level 1:colcon.colcon_core.environment:checking '/home/hoseok/turtlebot3_ws/install/turtlebot3_cartographer/bin'
[0.894s] Level 1:colcon.colcon_core.environment:checking '/home/hoseok/turtlebot3_ws/install/turtlebot3_cartographer/lib/pkgconfig/turtlebot3_cartographer.pc'
[0.895s] Level 1:colcon.colcon_core.environment:checking '/home/hoseok/turtlebot3_ws/install/turtlebot3_cartographer/lib/python3.10/site-packages'
[0.895s] Level 1:colcon.colcon_core.environment:checking '/home/hoseok/turtlebot3_ws/install/turtlebot3_cartographer/bin'
[0.902s] INFO:colcon.colcon_core.shell:Creating package script '/home/hoseok/turtlebot3_ws/install/turtlebot3_cartographer/share/turtlebot3_cartographer/package.ps1'
[0.902s] INFO:colcon.colcon_core.shell:Creating package descriptor '/home/hoseok/turtlebot3_ws/install/turtlebot3_cartographer/share/turtlebot3_cartographer/package.dsv'
[0.902s] INFO:colcon.colcon_core.shell:Creating package script '/home/hoseok/turtlebot3_ws/install/turtlebot3_cartographer/share/turtlebot3_cartographer/package.sh'
[0.902s] INFO:colcon.colcon_core.shell:Creating package script '/home/hoseok/turtlebot3_ws/install/turtlebot3_cartographer/share/turtlebot3_cartographer/package.bash'
[0.902s] INFO:colcon.colcon_core.shell:Creating package script '/home/hoseok/turtlebot3_ws/install/turtlebot3_cartographer/share/turtlebot3_cartographer/package.zsh'
[0.902s] Level 1:colcon.colcon_core.environment:create_file_with_runtime_dependencies(/home/hoseok/turtlebot3_ws/install/turtlebot3_cartographer/share/colcon-core/packages/turtlebot3_cartographer)
[0.903s] Level 1:colcon.colcon_core.environment:create_environment_scripts_only(turtlebot3_navigation2)
[0.904s] DEBUG:colcon.colcon_core.event_handler.log_command:Invoked command in '/home/hoseok/turtlebot3_ws/build/turtlebot3_navigation2' returned '0': CMAKE_PREFIX_PATH=${CMAKE_PREFIX_PATH}:/opt/ros/humble /usr/bin/cmake --install /home/hoseok/turtlebot3_ws/build/turtlebot3_navigation2
[0.911s] Level 1:colcon.colcon_core.environment:checking '/home/hoseok/turtlebot3_ws/install/turtlebot3_navigation2' for CMake module files
[0.912s] Level 1:colcon.colcon_core.environment:checking '/home/hoseok/turtlebot3_ws/install/turtlebot3_navigation2' for CMake config files
[0.912s] Level 1:colcon.colcon_core.shell:create_environment_hook('turtlebot3_navigation2', 'cmake_prefix_path')
[0.919s] INFO:colcon.colcon_core.shell:Creating environment hook '/home/hoseok/turtlebot3_ws/install/turtlebot3_navigation2/share/turtlebot3_navigation2/hook/cmake_prefix_path.ps1'
[0.919s] INFO:colcon.colcon_core.shell:Creating environment descriptor '/home/hoseok/turtlebot3_ws/install/turtlebot3_navigation2/share/turtlebot3_navigation2/hook/cmake_prefix_path.dsv'
[0.919s] INFO:colcon.colcon_core.shell:Creating environment hook '/home/hoseok/turtlebot3_ws/install/turtlebot3_navigation2/share/turtlebot3_navigation2/hook/cmake_prefix_path.sh'
[0.919s] Level 1:colcon.colcon_core.environment:checking '/home/hoseok/turtlebot3_ws/install/turtlebot3_navigation2/bin'
[0.919s] Level 1:colcon.colcon_core.environment:checking '/home/hoseok/turtlebot3_ws/install/turtlebot3_navigation2/lib/pkgconfig/turtlebot3_navigation2.pc'
[0.920s] Level 1:colcon.colcon_core.environment:checking '/home/hoseok/turtlebot3_ws/install/turtlebot3_navigation2/lib/python3.10/site-packages'
[0.920s] Level 1:colcon.colcon_core.environment:checking '/home/hoseok/turtlebot3_ws/install/turtlebot3_navigation2/bin'
[0.927s] INFO:colcon.colcon_core.shell:Creating package script '/home/hoseok/turtlebot3_ws/install/turtlebot3_navigation2/share/turtlebot3_navigation2/package.ps1'
[0.927s] INFO:colcon.colcon_core.shell:Creating package descriptor '/home/hoseok/turtlebot3_ws/install/turtlebot3_navigation2/share/turtlebot3_navigation2/package.dsv'
[0.927s] INFO:colcon.colcon_core.shell:Creating package script '/home/hoseok/turtlebot3_ws/install/turtlebot3_navigation2/share/turtlebot3_navigation2/package.sh'
[0.927s] INFO:colcon.colcon_core.shell:Creating package script '/home/hoseok/turtlebot3_ws/install/turtlebot3_navigation2/share/turtlebot3_navigation2/package.bash'
[0.927s] INFO:colcon.colcon_core.shell:Creating package script '/home/hoseok/turtlebot3_ws/install/turtlebot3_navigation2/share/turtlebot3_navigation2/package.zsh'
[0.927s] Level 1:colcon.colcon_core.environment:create_file_with_runtime_dependencies(/home/hoseok/turtlebot3_ws/install/turtlebot3_navigation2/share/colcon-core/packages/turtlebot3_navigation2)
[0.935s] Level 1:colcon.colcon_core.environment:create_environment_scripts_only(turtlebot3_description)
[0.943s] Level 1:colcon.colcon_core.environment:checking '/home/hoseok/turtlebot3_ws/install/turtlebot3_description' for CMake module files
[0.944s] Level 1:colcon.colcon_core.environment:checking '/home/hoseok/turtlebot3_ws/install/turtlebot3_description' for CMake config files
[0.944s] Level 1:colcon.colcon_core.shell:create_environment_hook('turtlebot3_description', 'cmake_prefix_path')
[0.952s] INFO:colcon.colcon_core.shell:Creating environment hook '/home/hoseok/turtlebot3_ws/install/turtlebot3_description/share/turtlebot3_description/hook/cmake_prefix_path.ps1'
[0.952s] INFO:colcon.colcon_core.shell:Creating environment descriptor '/home/hoseok/turtlebot3_ws/install/turtlebot3_description/share/turtlebot3_description/hook/cmake_prefix_path.dsv'
[0.952s] INFO:colcon.colcon_core.shell:Creating environment hook '/home/hoseok/turtlebot3_ws/install/turtlebot3_description/share/turtlebot3_description/hook/cmake_prefix_path.sh'
[0.952s] Level 1:colcon.colcon_core.environment:checking '/home/hoseok/turtlebot3_ws/install/turtlebot3_description/bin'
[0.952s] Level 1:colcon.colcon_core.environment:checking '/home/hoseok/turtlebot3_ws/install/turtlebot3_description/lib/pkgconfig/turtlebot3_description.pc'
[0.952s] Level 1:colcon.colcon_core.environment:checking '/home/hoseok/turtlebot3_ws/install/turtlebot3_description/lib/python3.10/site-packages'
[0.952s] Level 1:colcon.colcon_core.environment:checking '/home/hoseok/turtlebot3_ws/install/turtlebot3_description/bin'
[0.963s] INFO:colcon.colcon_core.shell:Creating package script '/home/hoseok/turtlebot3_ws/install/turtlebot3_description/share/turtlebot3_description/package.ps1'
[0.963s] INFO:colcon.colcon_core.shell:Creating package descriptor '/home/hoseok/turtlebot3_ws/install/turtlebot3_description/share/turtlebot3_description/package.dsv'
[0.963s] INFO:colcon.colcon_core.shell:Creating package script '/home/hoseok/turtlebot3_ws/install/turtlebot3_description/share/turtlebot3_description/package.sh'
[0.964s] INFO:colcon.colcon_core.shell:Creating package script '/home/hoseok/turtlebot3_ws/install/turtlebot3_description/share/turtlebot3_description/package.bash'
[0.964s] INFO:colcon.colcon_core.shell:Creating package script '/home/hoseok/turtlebot3_ws/install/turtlebot3_description/share/turtlebot3_description/package.zsh'
[0.964s] Level 1:colcon.colcon_core.environment:create_file_with_runtime_dependencies(/home/hoseok/turtlebot3_ws/install/turtlebot3_description/share/colcon-core/packages/turtlebot3_description)
[0.964s] INFO:colcon.colcon_ros.task.ament_cmake.build:Building ROS package in '/home/hoseok/turtlebot3_ws/src/turtlebot3_bringup' with build type 'ament_cmake'
[0.965s] INFO:colcon.colcon_cmake.task.cmake.build:Building CMake package in '/home/hoseok/turtlebot3_ws/src/turtlebot3_bringup'
[0.972s] INFO:colcon.colcon_core.shell:Skip shell extension 'powershell' for command environment: Not usable outside of PowerShell
[0.972s] DEBUG:colcon.colcon_core.shell:Skip shell extension 'dsv' for command environment
[1.002s] Level 1:colcon.colcon_core.environment:create_environment_scripts_only(turtlebot3_cartographer)
[1.015s] Level 1:colcon.colcon_core.environment:checking '/home/hoseok/turtlebot3_ws/install/turtlebot3_cartographer' for CMake module files
[1.016s] Level 1:colcon.colcon_core.environment:checking '/home/hoseok/turtlebot3_ws/install/turtlebot3_cartographer' for CMake config files
[1.016s] Level 1:colcon.colcon_core.shell:create_environment_hook('turtlebot3_cartographer', 'cmake_prefix_path')
[1.023s] INFO:colcon.colcon_core.shell:Creating environment hook '/home/hoseok/turtlebot3_ws/install/turtlebot3_cartographer/share/turtlebot3_cartographer/hook/cmake_prefix_path.ps1'
[1.023s] INFO:colcon.colcon_core.shell:Creating environment descriptor '/home/hoseok/turtlebot3_ws/install/turtlebot3_cartographer/share/turtlebot3_cartographer/hook/cmake_prefix_path.dsv'
[1.023s] INFO:colcon.colcon_core.shell:Creating environment hook '/home/hoseok/turtlebot3_ws/install/turtlebot3_cartographer/share/turtlebot3_cartographer/hook/cmake_prefix_path.sh'
[1.023s] Level 1:colcon.colcon_core.environment:checking '/home/hoseok/turtlebot3_ws/install/turtlebot3_cartographer/bin'
[1.023s] Level 1:colcon.colcon_core.environment:checking '/home/hoseok/turtlebot3_ws/install/turtlebot3_cartographer/lib/pkgconfig/turtlebot3_cartographer.pc'
[1.023s] Level 1:colcon.colcon_core.environment:checking '/home/hoseok/turtlebot3_ws/install/turtlebot3_cartographer/lib/python3.10/site-packages'
[1.024s] Level 1:colcon.colcon_core.environment:checking '/home/hoseok/turtlebot3_ws/install/turtlebot3_cartographer/bin'
[1.030s] INFO:colcon.colcon_core.shell:Creating package script '/home/hoseok/turtlebot3_ws/install/turtlebot3_cartographer/share/turtlebot3_cartographer/package.ps1'
[1.031s] INFO:colcon.colcon_core.shell:Creating package descriptor '/home/hoseok/turtlebot3_ws/install/turtlebot3_cartographer/share/turtlebot3_cartographer/package.dsv'
[1.031s] INFO:colcon.colcon_core.shell:Creating package script '/home/hoseok/turtlebot3_ws/install/turtlebot3_cartographer/share/turtlebot3_cartographer/package.sh'
[1.031s] INFO:colcon.colcon_core.shell:Creating package script '/home/hoseok/turtlebot3_ws/install/turtlebot3_cartographer/share/turtlebot3_cartographer/package.bash'
[1.031s] INFO:colcon.colcon_core.shell:Creating package script '/home/hoseok/turtlebot3_ws/install/turtlebot3_cartographer/share/turtlebot3_cartographer/package.zsh'
[1.031s] Level 1:colcon.colcon_core.environment:create_file_with_runtime_dependencies(/home/hoseok/turtlebot3_ws/install/turtlebot3_cartographer/share/colcon-core/packages/turtlebot3_cartographer)
[1.039s] Level 1:colcon.colcon_core.environment:create_environment_scripts_only(turtlebot3_navigation2)
[1.046s] Level 1:colcon.colcon_core.environment:checking '/home/hoseok/turtlebot3_ws/install/turtlebot3_navigation2' for CMake module files
[1.046s] Level 1:colcon.colcon_core.environment:checking '/home/hoseok/turtlebot3_ws/install/turtlebot3_navigation2' for CMake config files
[1.047s] Level 1:colcon.colcon_core.shell:create_environment_hook('turtlebot3_navigation2', 'cmake_prefix_path')
[1.053s] INFO:colcon.colcon_core.shell:Creating environment hook '/home/hoseok/turtlebot3_ws/install/turtlebot3_navigation2/share/turtlebot3_navigation2/hook/cmake_prefix_path.ps1'
[1.054s] INFO:colcon.colcon_core.shell:Creating environment descriptor '/home/hoseok/turtlebot3_ws/install/turtlebot3_navigation2/share/turtlebot3_navigation2/hook/cmake_prefix_path.dsv'
[1.054s] INFO:colcon.colcon_core.shell:Creating environment hook '/home/hoseok/turtlebot3_ws/install/turtlebot3_navigation2/share/turtlebot3_navigation2/hook/cmake_prefix_path.sh'
[1.054s] Level 1:colcon.colcon_core.environment:checking '/home/hoseok/turtlebot3_ws/install/turtlebot3_navigation2/bin'
[1.054s] Level 1:colcon.colcon_core.environment:checking '/home/hoseok/turtlebot3_ws/install/turtlebot3_navigation2/lib/pkgconfig/turtlebot3_navigation2.pc'
[1.054s] Level 1:colcon.colcon_core.environment:checking '/home/hoseok/turtlebot3_ws/install/turtlebot3_navigation2/lib/python3.10/site-packages'
[1.054s] Level 1:colcon.colcon_core.environment:checking '/home/hoseok/turtlebot3_ws/install/turtlebot3_navigation2/bin'
[1.062s] INFO:colcon.colcon_core.shell:Creating package script '/home/hoseok/turtlebot3_ws/install/turtlebot3_navigation2/share/turtlebot3_navigation2/package.ps1'
[1.063s] INFO:colcon.colcon_core.shell:Creating package descriptor '/home/hoseok/turtlebot3_ws/install/turtlebot3_navigation2/share/turtlebot3_navigation2/package.dsv'
[1.063s] INFO:colcon.colcon_core.shell:Creating package script '/home/hoseok/turtlebot3_ws/install/turtlebot3_navigation2/share/turtlebot3_navigation2/package.sh'
[1.063s] INFO:colcon.colcon_core.shell:Creating package script '/home/hoseok/turtlebot3_ws/install/turtlebot3_navigation2/share/turtlebot3_navigation2/package.bash'
[1.063s] INFO:colcon.colcon_core.shell:Creating package script '/home/hoseok/turtlebot3_ws/install/turtlebot3_navigation2/share/turtlebot3_navigation2/package.zsh'
[1.063s] Level 1:colcon.colcon_core.environment:create_file_with_runtime_dependencies(/home/hoseok/turtlebot3_ws/install/turtlebot3_navigation2/share/colcon-core/packages/turtlebot3_navigation2)
[1.066s] DEBUG:colcon.colcon_core.event_handler.log_command:Invoking command in '/home/hoseok/turtlebot3_ws/build/turtlebot3_bringup': CMAKE_PREFIX_PATH=/home/hoseok/turtlebot3_ws/install/turtlebot3_description:/home/hoseok/turtlebot3_ws/install/turtlebot3_navigation2:/home/hoseok/turtlebot3_ws/install/turtlebot3_bringup:/home/hoseok/turtlebot3_ws/install/turtlebot3_cartographer:/opt/ros/humble /usr/bin/cmake --build /home/hoseok/turtlebot3_ws/build/turtlebot3_bringup -- -j16 -l16
[1.087s] DEBUG:colcon.colcon_core.event_handler.log_command:Invoked command in '/home/hoseok/turtlebot3_ws/build/turtlebot3_bringup' returned '0': CMAKE_PREFIX_PATH=/home/hoseok/turtlebot3_ws/install/turtlebot3_description:/home/hoseok/turtlebot3_ws/install/turtlebot3_navigation2:/home/hoseok/turtlebot3_ws/install/turtlebot3_bringup:/home/hoseok/turtlebot3_ws/install/turtlebot3_cartographer:/opt/ros/humble /usr/bin/cmake --build /home/hoseok/turtlebot3_ws/build/turtlebot3_bringup -- -j16 -l16
[1.099s] DEBUG:colcon.colcon_core.event_handler.log_command:Invoking command in '/home/hoseok/turtlebot3_ws/build/turtlebot3_bringup': CMAKE_PREFIX_PATH=/home/hoseok/turtlebot3_ws/install/turtlebot3_description:/home/hoseok/turtlebot3_ws/install/turtlebot3_navigation2:/home/hoseok/turtlebot3_ws/install/turtlebot3_bringup:/home/hoseok/turtlebot3_ws/install/turtlebot3_cartographer:/opt/ros/humble /usr/bin/cmake --install /home/hoseok/turtlebot3_ws/build/turtlebot3_bringup
[1.106s] Level 1:colcon.colcon_core.environment:create_environment_scripts_only(turtlebot3_bringup)
[1.107s] DEBUG:colcon.colcon_core.event_handler.log_command:Invoked command in '/home/hoseok/turtlebot3_ws/build/turtlebot3_bringup' returned '0': CMAKE_PREFIX_PATH=/home/hoseok/turtlebot3_ws/install/turtlebot3_description:/home/hoseok/turtlebot3_ws/install/turtlebot3_navigation2:/home/hoseok/turtlebot3_ws/install/turtlebot3_bringup:/home/hoseok/turtlebot3_ws/install/turtlebot3_cartographer:/opt/ros/humble /usr/bin/cmake --install /home/hoseok/turtlebot3_ws/build/turtlebot3_bringup
[1.118s] Level 1:colcon.colcon_core.environment:checking '/home/hoseok/turtlebot3_ws/install/turtlebot3_bringup' for CMake module files
[1.118s] Level 1:colcon.colcon_core.environment:checking '/home/hoseok/turtlebot3_ws/install/turtlebot3_bringup' for CMake config files
[1.118s] Level 1:colcon.colcon_core.shell:create_environment_hook('turtlebot3_bringup', 'cmake_prefix_path')
[1.125s] INFO:colcon.colcon_core.shell:Creating environment hook '/home/hoseok/turtlebot3_ws/install/turtlebot3_bringup/share/turtlebot3_bringup/hook/cmake_prefix_path.ps1'
[1.125s] INFO:colcon.colcon_core.shell:Creating environment descriptor '/home/hoseok/turtlebot3_ws/install/turtlebot3_bringup/share/turtlebot3_bringup/hook/cmake_prefix_path.dsv'
[1.125s] INFO:colcon.colcon_core.shell:Creating environment hook '/home/hoseok/turtlebot3_ws/install/turtlebot3_bringup/share/turtlebot3_bringup/hook/cmake_prefix_path.sh'
[1.125s] Level 1:colcon.colcon_core.environment:checking '/home/hoseok/turtlebot3_ws/install/turtlebot3_bringup/bin'
[1.125s] Level 1:colcon.colcon_core.environment:checking '/home/hoseok/turtlebot3_ws/install/turtlebot3_bringup/lib/pkgconfig/turtlebot3_bringup.pc'
[1.126s] Level 1:colcon.colcon_core.environment:checking '/home/hoseok/turtlebot3_ws/install/turtlebot3_bringup/lib/python3.10/site-packages'
[1.126s] Level 1:colcon.colcon_core.environment:checking '/home/hoseok/turtlebot3_ws/install/turtlebot3_bringup/bin'
[1.132s] INFO:colcon.colcon_core.shell:Creating package script '/home/hoseok/turtlebot3_ws/install/turtlebot3_bringup/share/turtlebot3_bringup/package.ps1'
[1.133s] INFO:colcon.colcon_core.shell:Creating package descriptor '/home/hoseok/turtlebot3_ws/install/turtlebot3_bringup/share/turtlebot3_bringup/package.dsv'
[1.133s] INFO:colcon.colcon_core.shell:Creating package script '/home/hoseok/turtlebot3_ws/install/turtlebot3_bringup/share/turtlebot3_bringup/package.sh'
[1.133s] INFO:colcon.colcon_core.shell:Creating package script '/home/hoseok/turtlebot3_ws/install/turtlebot3_bringup/share/turtlebot3_bringup/package.bash'
[1.133s] INFO:colcon.colcon_core.shell:Creating package script '/home/hoseok/turtlebot3_ws/install/turtlebot3_bringup/share/turtlebot3_bringup/package.zsh'
[1.133s] Level 1:colcon.colcon_core.environment:create_file_with_runtime_dependencies(/home/hoseok/turtlebot3_ws/install/turtlebot3_bringup/share/colcon-core/packages/turtlebot3_bringup)
[1.154s] Level 1:colcon.colcon_core.environment:create_environment_scripts_only(turtlebot3_bringup)
[1.161s] Level 1:colcon.colcon_core.environment:checking '/home/hoseok/turtlebot3_ws/install/turtlebot3_bringup' for CMake module files
[1.162s] Level 1:colcon.colcon_core.environment:checking '/home/hoseok/turtlebot3_ws/install/turtlebot3_bringup' for CMake config files
[1.162s] Level 1:colcon.colcon_core.shell:create_environment_hook('turtlebot3_bringup', 'cmake_prefix_path')
[1.169s] INFO:colcon.colcon_core.shell:Creating environment hook '/home/hoseok/turtlebot3_ws/install/turtlebot3_bringup/share/turtlebot3_bringup/hook/cmake_prefix_path.ps1'
[1.169s] INFO:colcon.colcon_core.shell:Creating environment descriptor '/home/hoseok/turtlebot3_ws/install/turtlebot3_bringup/share/turtlebot3_bringup/hook/cmake_prefix_path.dsv'
[1.169s] INFO:colcon.colcon_core.shell:Creating environment hook '/home/hoseok/turtlebot3_ws/install/turtlebot3_bringup/share/turtlebot3_bringup/hook/cmake_prefix_path.sh'
[1.169s] Level 1:colcon.colcon_core.environment:checking '/home/hoseok/turtlebot3_ws/install/turtlebot3_bringup/bin'
[1.169s] Level 1:colcon.colcon_core.environment:checking '/home/hoseok/turtlebot3_ws/install/turtlebot3_bringup/lib/pkgconfig/turtlebot3_bringup.pc'
[1.170s] Level 1:colcon.colcon_core.environment:checking '/home/hoseok/turtlebot3_ws/install/turtlebot3_bringup/lib/python3.10/site-packages'
[1.170s] Level 1:colcon.colcon_core.environment:checking '/home/hoseok/turtlebot3_ws/install/turtlebot3_bringup/bin'
[1.178s] INFO:colcon.colcon_core.shell:Creating package script '/home/hoseok/turtlebot3_ws/install/turtlebot3_bringup/share/turtlebot3_bringup/package.ps1'
[1.178s] INFO:colcon.colcon_core.shell:Creating package descriptor '/home/hoseok/turtlebot3_ws/install/turtlebot3_bringup/share/turtlebot3_bringup/package.dsv'
[1.178s] INFO:colcon.colcon_core.shell:Creating package script '/home/hoseok/turtlebot3_ws/install/turtlebot3_bringup/share/turtlebot3_bringup/package.sh'
[1.179s] INFO:colcon.colcon_core.shell:Creating package script '/home/hoseok/turtlebot3_ws/install/turtlebot3_bringup/share/turtlebot3_bringup/package.bash'
[1.179s] INFO:colcon.colcon_core.shell:Creating package script '/home/hoseok/turtlebot3_ws/install/turtlebot3_bringup/share/turtlebot3_bringup/package.zsh'
[1.179s] Level 1:colcon.colcon_core.environment:create_file_with_runtime_dependencies(/home/hoseok/turtlebot3_ws/install/turtlebot3_bringup/share/colcon-core/packages/turtlebot3_bringup)
[1.833s] DEBUG:colcon.colcon_core.event_handler.log_command:Invoked command in '/home/hoseok/turtlebot3_ws/build/turtlebot3_fake_node' returned '0': CMAKE_PREFIX_PATH=${CMAKE_PREFIX_PATH}:/opt/ros/humble /usr/bin/cmake /home/hoseok/turtlebot3_ws/src/turtlebot3_simulations/turtlebot3_fake_node -DCMAKE_INSTALL_PREFIX=/home/hoseok/turtlebot3_ws/install/turtlebot3_fake_node
[1.833s] DEBUG:colcon.colcon_core.event_handler.log_command:Invoking command in '/home/hoseok/turtlebot3_ws/build/turtlebot3_fake_node': CMAKE_PREFIX_PATH=${CMAKE_PREFIX_PATH}:/opt/ros/humble /usr/bin/cmake --build /home/hoseok/turtlebot3_ws/build/turtlebot3_fake_node -- -j16 -l16
[1.949s] DEBUG:colcon.colcon_core.event_handler.log_command:Invoked command in '/home/hoseok/turtlebot3_ws/build/turtlebot3_gazebo' returned '0': CMAKE_PREFIX_PATH=${CMAKE_PREFIX_PATH}:/opt/ros/humble /usr/bin/cmake /home/hoseok/turtlebot3_ws/src/turtlebot3_simulations/turtlebot3_gazebo -DCMAKE_INSTALL_PREFIX=/home/hoseok/turtlebot3_ws/install/turtlebot3_gazebo
[1.949s] DEBUG:colcon.colcon_core.event_handler.log_command:Invoking command in '/home/hoseok/turtlebot3_ws/build/turtlebot3_gazebo': CMAKE_PREFIX_PATH=${CMAKE_PREFIX_PATH}:/opt/ros/humble /usr/bin/cmake --build /home/hoseok/turtlebot3_ws/build/turtlebot3_gazebo -- -j16 -l16
[8.252s] DEBUG:colcon.colcon_core.event_handler.log_command:Invoked command in '/home/hoseok/turtlebot3_ws/build/turtlebot3_fake_node' returned '0': CMAKE_PREFIX_PATH=${CMAKE_PREFIX_PATH}:/opt/ros/humble /usr/bin/cmake --build /home/hoseok/turtlebot3_ws/build/turtlebot3_fake_node -- -j16 -l16
[8.275s] DEBUG:colcon.colcon_core.event_handler.log_command:Invoking command in '/home/hoseok/turtlebot3_ws/build/turtlebot3_fake_node': CMAKE_PREFIX_PATH=${CMAKE_PREFIX_PATH}:/opt/ros/humble /usr/bin/cmake --install /home/hoseok/turtlebot3_ws/build/turtlebot3_fake_node
[8.289s] Level 1:colcon.colcon_core.environment:create_environment_scripts_only(turtlebot3_fake_node)
[8.289s] DEBUG:colcon.colcon_core.event_handler.log_command:Invoked command in '/home/hoseok/turtlebot3_ws/build/turtlebot3_fake_node' returned '0': CMAKE_PREFIX_PATH=${CMAKE_PREFIX_PATH}:/opt/ros/humble /usr/bin/cmake --install /home/hoseok/turtlebot3_ws/build/turtlebot3_fake_node
[8.305s] Level 1:colcon.colcon_core.environment:checking '/home/hoseok/turtlebot3_ws/install/turtlebot3_fake_node' for CMake module files
[8.305s] Level 1:colcon.colcon_core.environment:checking '/home/hoseok/turtlebot3_ws/install/turtlebot3_fake_node' for CMake config files
[8.306s] Level 1:colcon.colcon_core.shell:create_environment_hook('turtlebot3_fake_node', 'cmake_prefix_path')
[8.320s] INFO:colcon.colcon_core.shell:Creating environment hook '/home/hoseok/turtlebot3_ws/install/turtlebot3_fake_node/share/turtlebot3_fake_node/hook/cmake_prefix_path.ps1'
[8.321s] INFO:colcon.colcon_core.shell:Creating environment descriptor '/home/hoseok/turtlebot3_ws/install/turtlebot3_fake_node/share/turtlebot3_fake_node/hook/cmake_prefix_path.dsv'
[8.321s] INFO:colcon.colcon_core.shell:Creating environment hook '/home/hoseok/turtlebot3_ws/install/turtlebot3_fake_node/share/turtlebot3_fake_node/hook/cmake_prefix_path.sh'
[8.321s] Level 1:colcon.colcon_core.environment:checking '/home/hoseok/turtlebot3_ws/install/turtlebot3_fake_node/lib'
[8.322s] Level 1:colcon.colcon_core.environment:checking '/home/hoseok/turtlebot3_ws/install/turtlebot3_fake_node/bin'
[8.322s] Level 1:colcon.colcon_core.environment:checking '/home/hoseok/turtlebot3_ws/install/turtlebot3_fake_node/lib/pkgconfig/turtlebot3_fake_node.pc'
[8.322s] Level 1:colcon.colcon_core.environment:checking '/home/hoseok/turtlebot3_ws/install/turtlebot3_fake_node/lib/python3.10/site-packages'
[8.322s] Level 1:colcon.colcon_core.environment:checking '/home/hoseok/turtlebot3_ws/install/turtlebot3_fake_node/bin'
[8.337s] INFO:colcon.colcon_core.shell:Creating package script '/home/hoseok/turtlebot3_ws/install/turtlebot3_fake_node/share/turtlebot3_fake_node/package.ps1'
[8.337s] INFO:colcon.colcon_core.shell:Creating package descriptor '/home/hoseok/turtlebot3_ws/install/turtlebot3_fake_node/share/turtlebot3_fake_node/package.dsv'
[8.338s] INFO:colcon.colcon_core.shell:Creating package script '/home/hoseok/turtlebot3_ws/install/turtlebot3_fake_node/share/turtlebot3_fake_node/package.sh'
[8.338s] INFO:colcon.colcon_core.shell:Creating package script '/home/hoseok/turtlebot3_ws/install/turtlebot3_fake_node/share/turtlebot3_fake_node/package.bash'
[8.338s] INFO:colcon.colcon_core.shell:Creating package script '/home/hoseok/turtlebot3_ws/install/turtlebot3_fake_node/share/turtlebot3_fake_node/package.zsh'
[8.338s] Level 1:colcon.colcon_core.environment:create_file_with_runtime_dependencies(/home/hoseok/turtlebot3_ws/install/turtlebot3_fake_node/share/colcon-core/packages/turtlebot3_fake_node)
[8.374s] Level 1:colcon.colcon_core.environment:create_environment_scripts_only(turtlebot3_fake_node)
[8.389s] Level 1:colcon.colcon_core.environment:checking '/home/hoseok/turtlebot3_ws/install/turtlebot3_fake_node' for CMake module files
[8.390s] Level 1:colcon.colcon_core.environment:checking '/home/hoseok/turtlebot3_ws/install/turtlebot3_fake_node' for CMake config files
[8.390s] Level 1:colcon.colcon_core.shell:create_environment_hook('turtlebot3_fake_node', 'cmake_prefix_path')
[8.405s] INFO:colcon.colcon_core.shell:Creating environment hook '/home/hoseok/turtlebot3_ws/install/turtlebot3_fake_node/share/turtlebot3_fake_node/hook/cmake_prefix_path.ps1'
[8.405s] INFO:colcon.colcon_core.shell:Creating environment descriptor '/home/hoseok/turtlebot3_ws/install/turtlebot3_fake_node/share/turtlebot3_fake_node/hook/cmake_prefix_path.dsv'
[8.405s] INFO:colcon.colcon_core.shell:Creating environment hook '/home/hoseok/turtlebot3_ws/install/turtlebot3_fake_node/share/turtlebot3_fake_node/hook/cmake_prefix_path.sh'
[8.406s] Level 1:colcon.colcon_core.environment:checking '/home/hoseok/turtlebot3_ws/install/turtlebot3_fake_node/lib'
[8.406s] Level 1:colcon.colcon_core.environment:checking '/home/hoseok/turtlebot3_ws/install/turtlebot3_fake_node/bin'
[8.406s] Level 1:colcon.colcon_core.environment:checking '/home/hoseok/turtlebot3_ws/install/turtlebot3_fake_node/lib/pkgconfig/turtlebot3_fake_node.pc'
[8.406s] Level 1:colcon.colcon_core.environment:checking '/home/hoseok/turtlebot3_ws/install/turtlebot3_fake_node/lib/python3.10/site-packages'
[8.406s] Level 1:colcon.colcon_core.environment:checking '/home/hoseok/turtlebot3_ws/install/turtlebot3_fake_node/bin'
[8.421s] INFO:colcon.colcon_core.shell:Creating package script '/home/hoseok/turtlebot3_ws/install/turtlebot3_fake_node/share/turtlebot3_fake_node/package.ps1'
[8.422s] INFO:colcon.colcon_core.shell:Creating package descriptor '/home/hoseok/turtlebot3_ws/install/turtlebot3_fake_node/share/turtlebot3_fake_node/package.dsv'
[8.422s] INFO:colcon.colcon_core.shell:Creating package script '/home/hoseok/turtlebot3_ws/install/turtlebot3_fake_node/share/turtlebot3_fake_node/package.sh'
[8.422s] INFO:colcon.colcon_core.shell:Creating package script '/home/hoseok/turtlebot3_ws/install/turtlebot3_fake_node/share/turtlebot3_fake_node/package.bash'
[8.423s] INFO:colcon.colcon_core.shell:Creating package script '/home/hoseok/turtlebot3_ws/install/turtlebot3_fake_node/share/turtlebot3_fake_node/package.zsh'
[8.423s] Level 1:colcon.colcon_core.environment:create_file_with_runtime_dependencies(/home/hoseok/turtlebot3_ws/install/turtlebot3_fake_node/share/colcon-core/packages/turtlebot3_fake_node)
[9.972s] DEBUG:colcon.colcon_core.event_handler.log_command:Invoked command in '/home/hoseok/turtlebot3_ws/build/turtlebot3_gazebo' returned '0': CMAKE_PREFIX_PATH=${CMAKE_PREFIX_PATH}:/opt/ros/humble /usr/bin/cmake --build /home/hoseok/turtlebot3_ws/build/turtlebot3_gazebo -- -j16 -l16
[9.989s] DEBUG:colcon.colcon_core.event_handler.log_command:Invoking command in '/home/hoseok/turtlebot3_ws/build/turtlebot3_gazebo': CMAKE_PREFIX_PATH=${CMAKE_PREFIX_PATH}:/opt/ros/humble /usr/bin/cmake --install /home/hoseok/turtlebot3_ws/build/turtlebot3_gazebo
[10.000s] Level 1:colcon.colcon_core.environment:create_environment_scripts_only(turtlebot3_gazebo)
[10.001s] DEBUG:colcon.colcon_core.event_handler.log_command:Invoked command in '/home/hoseok/turtlebot3_ws/build/turtlebot3_gazebo' returned '0': CMAKE_PREFIX_PATH=${CMAKE_PREFIX_PATH}:/opt/ros/humble /usr/bin/cmake --install /home/hoseok/turtlebot3_ws/build/turtlebot3_gazebo
[10.009s] Level 1:colcon.colcon_core.environment:checking '/home/hoseok/turtlebot3_ws/install/turtlebot3_gazebo' for CMake module files
[10.009s] Level 1:colcon.colcon_core.environment:checking '/home/hoseok/turtlebot3_ws/install/turtlebot3_gazebo' for CMake config files
[10.010s] Level 1:colcon.colcon_core.shell:create_environment_hook('turtlebot3_gazebo', 'cmake_prefix_path')
[10.017s] INFO:colcon.colcon_core.shell:Creating environment hook '/home/hoseok/turtlebot3_ws/install/turtlebot3_gazebo/share/turtlebot3_gazebo/hook/cmake_prefix_path.ps1'
[10.017s] INFO:colcon.colcon_core.shell:Creating environment descriptor '/home/hoseok/turtlebot3_ws/install/turtlebot3_gazebo/share/turtlebot3_gazebo/hook/cmake_prefix_path.dsv'
[10.017s] INFO:colcon.colcon_core.shell:Creating environment hook '/home/hoseok/turtlebot3_ws/install/turtlebot3_gazebo/share/turtlebot3_gazebo/hook/cmake_prefix_path.sh'
[10.018s] Level 1:colcon.colcon_core.environment:checking '/home/hoseok/turtlebot3_ws/install/turtlebot3_gazebo/lib'
[10.018s] Level 1:colcon.colcon_core.environment:checking '/home/hoseok/turtlebot3_ws/install/turtlebot3_gazebo/bin'
[10.018s] Level 1:colcon.colcon_core.environment:checking '/home/hoseok/turtlebot3_ws/install/turtlebot3_gazebo/lib/pkgconfig/turtlebot3_gazebo.pc'
[10.018s] Level 1:colcon.colcon_core.environment:checking '/home/hoseok/turtlebot3_ws/install/turtlebot3_gazebo/lib/python3.10/site-packages'
[10.018s] Level 1:colcon.colcon_core.environment:checking '/home/hoseok/turtlebot3_ws/install/turtlebot3_gazebo/bin'
[10.025s] INFO:colcon.colcon_core.shell:Creating package script '/home/hoseok/turtlebot3_ws/install/turtlebot3_gazebo/share/turtlebot3_gazebo/package.ps1'
[10.025s] INFO:colcon.colcon_core.shell:Creating package descriptor '/home/hoseok/turtlebot3_ws/install/turtlebot3_gazebo/share/turtlebot3_gazebo/package.dsv'
[10.025s] INFO:colcon.colcon_core.shell:Creating package script '/home/hoseok/turtlebot3_ws/install/turtlebot3_gazebo/share/turtlebot3_gazebo/package.sh'
[10.025s] INFO:colcon.colcon_core.shell:Creating package script '/home/hoseok/turtlebot3_ws/install/turtlebot3_gazebo/share/turtlebot3_gazebo/package.bash'
[10.025s] INFO:colcon.colcon_core.shell:Creating package script '/home/hoseok/turtlebot3_ws/install/turtlebot3_gazebo/share/turtlebot3_gazebo/package.zsh'
[10.025s] Level 1:colcon.colcon_core.environment:create_file_with_runtime_dependencies(/home/hoseok/turtlebot3_ws/install/turtlebot3_gazebo/share/colcon-core/packages/turtlebot3_gazebo)
[10.048s] Level 1:colcon.colcon_core.environment:create_environment_scripts_only(turtlebot3_gazebo)
[10.054s] Level 1:colcon.colcon_core.environment:checking '/home/hoseok/turtlebot3_ws/install/turtlebot3_gazebo' for CMake module files
[10.055s] Level 1:colcon.colcon_core.environment:checking '/home/hoseok/turtlebot3_ws/install/turtlebot3_gazebo' for CMake config files
[10.055s] Level 1:colcon.colcon_core.shell:create_environment_hook('turtlebot3_gazebo', 'cmake_prefix_path')
[10.061s] INFO:colcon.colcon_core.shell:Creating environment hook '/home/hoseok/turtlebot3_ws/install/turtlebot3_gazebo/share/turtlebot3_gazebo/hook/cmake_prefix_path.ps1'
[10.061s] INFO:colcon.colcon_core.shell:Creating environment descriptor '/home/hoseok/turtlebot3_ws/install/turtlebot3_gazebo/share/turtlebot3_gazebo/hook/cmake_prefix_path.dsv'
[10.061s] INFO:colcon.colcon_core.shell:Creating environment hook '/home/hoseok/turtlebot3_ws/install/turtlebot3_gazebo/share/turtlebot3_gazebo/hook/cmake_prefix_path.sh'
[10.062s] Level 1:colcon.colcon_core.environment:checking '/home/hoseok/turtlebot3_ws/install/turtlebot3_gazebo/lib'
[10.062s] Level 1:colcon.colcon_core.environment:checking '/home/hoseok/turtlebot3_ws/install/turtlebot3_gazebo/bin'
[10.062s] Level 1:colcon.colcon_core.environment:checking '/home/hoseok/turtlebot3_ws/install/turtlebot3_gazebo/lib/pkgconfig/turtlebot3_gazebo.pc'
[10.062s] Level 1:colcon.colcon_core.environment:checking '/home/hoseok/turtlebot3_ws/install/turtlebot3_gazebo/lib/python3.10/site-packages'
[10.062s] Level 1:colcon.colcon_core.environment:checking '/home/hoseok/turtlebot3_ws/install/turtlebot3_gazebo/bin'
[10.068s] INFO:colcon.colcon_core.shell:Creating package script '/home/hoseok/turtlebot3_ws/install/turtlebot3_gazebo/share/turtlebot3_gazebo/package.ps1'
[10.069s] INFO:colcon.colcon_core.shell:Creating package descriptor '/home/hoseok/turtlebot3_ws/install/turtlebot3_gazebo/share/turtlebot3_gazebo/package.dsv'
[10.069s] INFO:colcon.colcon_core.shell:Creating package script '/home/hoseok/turtlebot3_ws/install/turtlebot3_gazebo/share/turtlebot3_gazebo/package.sh'
[10.069s] INFO:colcon.colcon_core.shell:Creating package script '/home/hoseok/turtlebot3_ws/install/turtlebot3_gazebo/share/turtlebot3_gazebo/package.bash'
[10.069s] INFO:colcon.colcon_core.shell:Creating package script '/home/hoseok/turtlebot3_ws/install/turtlebot3_gazebo/share/turtlebot3_gazebo/package.zsh'
[10.069s] Level 1:colcon.colcon_core.environment:create_file_with_runtime_dependencies(/home/hoseok/turtlebot3_ws/install/turtlebot3_gazebo/share/colcon-core/packages/turtlebot3_gazebo)
[10.070s] INFO:colcon.colcon_ros.task.ament_cmake.build:Building ROS package in '/home/hoseok/turtlebot3_ws/src/turtlebot3_simulations/turtlebot3_simulations' with build type 'ament_cmake'
[10.070s] INFO:colcon.colcon_cmake.task.cmake.build:Building CMake package in '/home/hoseok/turtlebot3_ws/src/turtlebot3_simulations/turtlebot3_simulations'
[10.076s] INFO:colcon.colcon_core.shell:Skip shell extension 'powershell' for command environment: Not usable outside of PowerShell
[10.076s] DEBUG:colcon.colcon_core.shell:Skip shell extension 'dsv' for command environment
[10.103s] DEBUG:colcon.colcon_core.event_handler.log_command:Invoking command in '/home/hoseok/turtlebot3_ws/build/turtlebot3_simulations': AMENT_PREFIX_PATH=/home/hoseok/turtlebot3_ws/install/turtlebot3_gazebo:/home/hoseok/turtlebot3_ws/install/turtlebot3_fake_node:${AMENT_PREFIX_PATH} CMAKE_PREFIX_PATH=/opt/ros/humble:/home/hoseok/turtlebot3_ws/install/turtlebot3_gazebo:/home/hoseok/turtlebot3_ws/install/turtlebot3_fake_node:${CMAKE_PREFIX_PATH} /usr/bin/cmake /home/hoseok/turtlebot3_ws/src/turtlebot3_simulations/turtlebot3_simulations -DCMAKE_INSTALL_PREFIX=/home/hoseok/turtlebot3_ws/install/turtlebot3_simulations
[10.442s] DEBUG:colcon.colcon_core.event_handler.log_command:Invoked command in '/home/hoseok/turtlebot3_ws/build/turtlebot3_simulations' returned '0': AMENT_PREFIX_PATH=/home/hoseok/turtlebot3_ws/install/turtlebot3_gazebo:/home/hoseok/turtlebot3_ws/install/turtlebot3_fake_node:${AMENT_PREFIX_PATH} CMAKE_PREFIX_PATH=/opt/ros/humble:/home/hoseok/turtlebot3_ws/install/turtlebot3_gazebo:/home/hoseok/turtlebot3_ws/install/turtlebot3_fake_node:${CMAKE_PREFIX_PATH} /usr/bin/cmake /home/hoseok/turtlebot3_ws/src/turtlebot3_simulations/turtlebot3_simulations -DCMAKE_INSTALL_PREFIX=/home/hoseok/turtlebot3_ws/install/turtlebot3_simulations
[10.443s] DEBUG:colcon.colcon_core.event_handler.log_command:Invoking command in '/home/hoseok/turtlebot3_ws/build/turtlebot3_simulations': AMENT_PREFIX_PATH=/home/hoseok/turtlebot3_ws/install/turtlebot3_gazebo:/home/hoseok/turtlebot3_ws/install/turtlebot3_fake_node:${AMENT_PREFIX_PATH} CMAKE_PREFIX_PATH=/opt/ros/humble:/home/hoseok/turtlebot3_ws/install/turtlebot3_gazebo:/home/hoseok/turtlebot3_ws/install/turtlebot3_fake_node:${CMAKE_PREFIX_PATH} /usr/bin/cmake --build /home/hoseok/turtlebot3_ws/build/turtlebot3_simulations -- -j16 -l16
[10.462s] DEBUG:colcon.colcon_core.event_handler.log_command:Invoked command in '/home/hoseok/turtlebot3_ws/build/turtlebot3_simulations' returned '0': AMENT_PREFIX_PATH=/home/hoseok/turtlebot3_ws/install/turtlebot3_gazebo:/home/hoseok/turtlebot3_ws/install/turtlebot3_fake_node:${AMENT_PREFIX_PATH} CMAKE_PREFIX_PATH=/opt/ros/humble:/home/hoseok/turtlebot3_ws/install/turtlebot3_gazebo:/home/hoseok/turtlebot3_ws/install/turtlebot3_fake_node:${CMAKE_PREFIX_PATH} /usr/bin/cmake --build /home/hoseok/turtlebot3_ws/build/turtlebot3_simulations -- -j16 -l16
[10.472s] DEBUG:colcon.colcon_core.event_handler.log_command:Invoking command in '/home/hoseok/turtlebot3_ws/build/turtlebot3_simulations': AMENT_PREFIX_PATH=/home/hoseok/turtlebot3_ws/install/turtlebot3_gazebo:/home/hoseok/turtlebot3_ws/install/turtlebot3_fake_node:${AMENT_PREFIX_PATH} CMAKE_PREFIX_PATH=/opt/ros/humble:/home/hoseok/turtlebot3_ws/install/turtlebot3_gazebo:/home/hoseok/turtlebot3_ws/install/turtlebot3_fake_node:${CMAKE_PREFIX_PATH} /usr/bin/cmake --install /home/hoseok/turtlebot3_ws/build/turtlebot3_simulations
[10.478s] Level 1:colcon.colcon_core.environment:create_environment_scripts_only(turtlebot3_simulations)
[10.478s] DEBUG:colcon.colcon_core.event_handler.log_command:Invoked command in '/home/hoseok/turtlebot3_ws/build/turtlebot3_simulations' returned '0': AMENT_PREFIX_PATH=/home/hoseok/turtlebot3_ws/install/turtlebot3_gazebo:/home/hoseok/turtlebot3_ws/install/turtlebot3_fake_node:${AMENT_PREFIX_PATH} CMAKE_PREFIX_PATH=/opt/ros/humble:/home/hoseok/turtlebot3_ws/install/turtlebot3_gazebo:/home/hoseok/turtlebot3_ws/install/turtlebot3_fake_node:${CMAKE_PREFIX_PATH} /usr/bin/cmake --install /home/hoseok/turtlebot3_ws/build/turtlebot3_simulations
[10.485s] Level 1:colcon.colcon_core.environment:checking '/home/hoseok/turtlebot3_ws/install/turtlebot3_simulations' for CMake module files
[10.485s] Level 1:colcon.colcon_core.environment:checking '/home/hoseok/turtlebot3_ws/install/turtlebot3_simulations' for CMake config files
[10.485s] Level 1:colcon.colcon_core.shell:create_environment_hook('turtlebot3_simulations', 'cmake_prefix_path')
[10.491s] INFO:colcon.colcon_core.shell:Creating environment hook '/home/hoseok/turtlebot3_ws/install/turtlebot3_simulations/share/turtlebot3_simulations/hook/cmake_prefix_path.ps1'
[10.492s] INFO:colcon.colcon_core.shell:Creating environment descriptor '/home/hoseok/turtlebot3_ws/install/turtlebot3_simulations/share/turtlebot3_simulations/hook/cmake_prefix_path.dsv'
[10.492s] INFO:colcon.colcon_core.shell:Creating environment hook '/home/hoseok/turtlebot3_ws/install/turtlebot3_simulations/share/turtlebot3_simulations/hook/cmake_prefix_path.sh'
[10.492s] Level 1:colcon.colcon_core.environment:checking '/home/hoseok/turtlebot3_ws/install/turtlebot3_simulations/bin'
[10.492s] Level 1:colcon.colcon_core.environment:checking '/home/hoseok/turtlebot3_ws/install/turtlebot3_simulations/lib/pkgconfig/turtlebot3_simulations.pc'
[10.492s] Level 1:colcon.colcon_core.environment:checking '/home/hoseok/turtlebot3_ws/install/turtlebot3_simulations/lib/python3.10/site-packages'
[10.492s] Level 1:colcon.colcon_core.environment:checking '/home/hoseok/turtlebot3_ws/install/turtlebot3_simulations/bin'
[10.499s] INFO:colcon.colcon_core.shell:Creating package script '/home/hoseok/turtlebot3_ws/install/turtlebot3_simulations/share/turtlebot3_simulations/package.ps1'
[10.499s] INFO:colcon.colcon_core.shell:Creating package descriptor '/home/hoseok/turtlebot3_ws/install/turtlebot3_simulations/share/turtlebot3_simulations/package.dsv'
[10.499s] INFO:colcon.colcon_core.shell:Creating package script '/home/hoseok/turtlebot3_ws/install/turtlebot3_simulations/share/turtlebot3_simulations/package.sh'
[10.499s] INFO:colcon.colcon_core.shell:Creating package script '/home/hoseok/turtlebot3_ws/install/turtlebot3_simulations/share/turtlebot3_simulations/package.bash'
[10.499s] INFO:colcon.colcon_core.shell:Creating package script '/home/hoseok/turtlebot3_ws/install/turtlebot3_simulations/share/turtlebot3_simulations/package.zsh'
[10.499s] Level 1:colcon.colcon_core.environment:create_file_with_runtime_dependencies(/home/hoseok/turtlebot3_ws/install/turtlebot3_simulations/share/colcon-core/packages/turtlebot3_simulations)
[10.517s] Level 1:colcon.colcon_core.environment:create_environment_scripts_only(turtlebot3_simulations)
[10.524s] Level 1:colcon.colcon_core.environment:checking '/home/hoseok/turtlebot3_ws/install/turtlebot3_simulations' for CMake module files
[10.524s] Level 1:colcon.colcon_core.environment:checking '/home/hoseok/turtlebot3_ws/install/turtlebot3_simulations' for CMake config files
[10.524s] Level 1:colcon.colcon_core.shell:create_environment_hook('turtlebot3_simulations', 'cmake_prefix_path')
[10.531s] INFO:colcon.colcon_core.shell:Creating environment hook '/home/hoseok/turtlebot3_ws/install/turtlebot3_simulations/share/turtlebot3_simulations/hook/cmake_prefix_path.ps1'
[10.531s] INFO:colcon.colcon_core.shell:Creating environment descriptor '/home/hoseok/turtlebot3_ws/install/turtlebot3_simulations/share/turtlebot3_simulations/hook/cmake_prefix_path.dsv'
[10.531s] INFO:colcon.colcon_core.shell:Creating environment hook '/home/hoseok/turtlebot3_ws/install/turtlebot3_simulations/share/turtlebot3_simulations/hook/cmake_prefix_path.sh'
[10.531s] Level 1:colcon.colcon_core.environment:checking '/home/hoseok/turtlebot3_ws/install/turtlebot3_simulations/bin'
[10.531s] Level 1:colcon.colcon_core.environment:checking '/home/hoseok/turtlebot3_ws/install/turtlebot3_simulations/lib/pkgconfig/turtlebot3_simulations.pc'
[10.531s] Level 1:colcon.colcon_core.environment:checking '/home/hoseok/turtlebot3_ws/install/turtlebot3_simulations/lib/python3.10/site-packages'
[10.531s] Level 1:colcon.colcon_core.environment:checking '/home/hoseok/turtlebot3_ws/install/turtlebot3_simulations/bin'
[10.538s] INFO:colcon.colcon_core.shell:Creating package script '/home/hoseok/turtlebot3_ws/install/turtlebot3_simulations/share/turtlebot3_simulations/package.ps1'
[10.538s] INFO:colcon.colcon_core.shell:Creating package descriptor '/home/hoseok/turtlebot3_ws/install/turtlebot3_simulations/share/turtlebot3_simulations/package.dsv'
[10.538s] INFO:colcon.colcon_core.shell:Creating package script '/home/hoseok/turtlebot3_ws/install/turtlebot3_simulations/share/turtlebot3_simulations/package.sh'
[10.538s] INFO:colcon.colcon_core.shell:Creating package script '/home/hoseok/turtlebot3_ws/install/turtlebot3_simulations/share/turtlebot3_simulations/package.bash'
[10.538s] INFO:colcon.colcon_core.shell:Creating package script '/home/hoseok/turtlebot3_ws/install/turtlebot3_simulations/share/turtlebot3_simulations/package.zsh'
[10.539s] Level 1:colcon.colcon_core.environment:create_file_with_runtime_dependencies(/home/hoseok/turtlebot3_ws/install/turtlebot3_simulations/share/colcon-core/packages/turtlebot3_simulations)
[10.539s] DEBUG:colcon.colcon_parallel_executor.executor.parallel:closing loop
[10.539s] DEBUG:colcon.colcon_parallel_executor.executor.parallel:loop closed
[10.539s] DEBUG:colcon.colcon_parallel_executor.executor.parallel:run_until_complete finished with '0'
[10.539s] DEBUG:colcon.colcon_core.event_reactor:joining thread
[10.549s] INFO:colcon.colcon_core.plugin_system:Skipping extension 'colcon_notification.desktop_notification.terminal_notifier': Not used on non-Darwin systems
[10.549s] INFO:colcon.colcon_core.plugin_system:Skipping extension 'colcon_notification.desktop_notification.win32': Not used on non-Windows systems
[10.549s] INFO:colcon.colcon_notification.desktop_notification:Sending desktop notification using 'notify2'
[10.557s] DEBUG:colcon.colcon_core.event_reactor:joined thread
[10.564s] INFO:colcon.colcon_core.shell:Creating prefix script '/home/hoseok/turtlebot3_ws/install/local_setup.ps1'
[10.565s] INFO:colcon.colcon_core.shell:Creating prefix util module '/home/hoseok/turtlebot3_ws/install/_local_setup_util_ps1.py'
[10.566s] INFO:colcon.colcon_core.shell:Creating prefix chain script '/home/hoseok/turtlebot3_ws/install/setup.ps1'
[10.574s] INFO:colcon.colcon_core.shell:Creating prefix script '/home/hoseok/turtlebot3_ws/install/local_setup.sh'
[10.575s] INFO:colcon.colcon_core.shell:Creating prefix util module '/home/hoseok/turtlebot3_ws/install/_local_setup_util_sh.py'
[10.575s] INFO:colcon.colcon_core.shell:Creating prefix chain script '/home/hoseok/turtlebot3_ws/install/setup.sh'
[10.583s] INFO:colcon.colcon_core.shell:Creating prefix script '/home/hoseok/turtlebot3_ws/install/local_setup.bash'
[10.583s] INFO:colcon.colcon_core.shell:Creating prefix chain script '/home/hoseok/turtlebot3_ws/install/setup.bash'
[10.590s] INFO:colcon.colcon_core.shell:Creating prefix script '/home/hoseok/turtlebot3_ws/install/local_setup.zsh'
[10.591s] INFO:colcon.colcon_core.shell:Creating prefix chain script '/home/hoseok/turtlebot3_ws/install/setup.zsh'
