-- Install configuration: ""
-- Installing: /home/hoseok/turtlebot3_ws/install/turtlebot3_navigation2/share/turtlebot3_navigation2/launch
-- Installing: /home/hoseok/turtlebot3_ws/install/turtlebot3_navigation2/share/turtlebot3_navigation2/launch/navigation2.launch.py
-- Installing: /home/hoseok/turtlebot3_ws/install/turtlebot3_navigation2/share/turtlebot3_navigation2/map
-- Installing: /home/hoseok/turtlebot3_ws/install/turtlebot3_navigation2/share/turtlebot3_navigation2/map/map.pgm
-- Installing: /home/hoseok/turtlebot3_ws/install/turtlebot3_navigation2/share/turtlebot3_navigation2/map/map.yaml
-- Installing: /home/hoseok/turtlebot3_ws/install/turtlebot3_navigation2/share/turtlebot3_navigation2/param
-- Installing: /home/hoseok/turtlebot3_ws/install/turtlebot3_navigation2/share/turtlebot3_navigation2/param/burger.yaml
-- Installing: /home/hoseok/turtlebot3_ws/install/turtlebot3_navigation2/share/turtlebot3_navigation2/param/waffle.yaml
-- Installing: /home/hoseok/turtlebot3_ws/install/turtlebot3_navigation2/share/turtlebot3_navigation2/param/waffle_pi.yaml
-- Installing: /home/hoseok/turtlebot3_ws/install/turtlebot3_navigation2/share/turtlebot3_navigation2/rviz
-- Installing: /home/hoseok/turtlebot3_ws/install/turtlebot3_navigation2/share/turtlebot3_navigation2/rviz/tb3_navigation2.rviz
-- Installing: /home/hoseok/turtlebot3_ws/install/turtlebot3_navigation2/share/ament_index/resource_index/package_run_dependencies/turtlebot3_navigation2
-- Installing: /home/hoseok/turtlebot3_ws/install/turtlebot3_navigation2/share/ament_index/resource_index/parent_prefix_path/turtlebot3_navigation2
-- Installing: /home/hoseok/turtlebot3_ws/install/turtlebot3_navigation2/share/turtlebot3_navigation2/environment/ament_prefix_path.sh
-- Installing: /home/hoseok/turtlebot3_ws/install/turtlebot3_navigation2/share/turtlebot3_navigation2/environment/ament_prefix_path.dsv
-- Installing: /home/hoseok/turtlebot3_ws/install/turtlebot3_navigation2/share/turtlebot3_navigation2/environment/path.sh
-- Installing: /home/hoseok/turtlebot3_ws/install/turtlebot3_navigation2/share/turtlebot3_navigation2/environment/path.dsv
-- Installing: /home/hoseok/turtlebot3_ws/install/turtlebot3_navigation2/share/turtlebot3_navigation2/local_setup.bash
-- Installing: /home/hoseok/turtlebot3_ws/install/turtlebot3_navigation2/share/turtlebot3_navigation2/local_setup.sh
-- Installing: /home/hoseok/turtlebot3_ws/install/turtlebot3_navigation2/share/turtlebot3_navigation2/local_setup.zsh
-- Installing: /home/hoseok/turtlebot3_ws/install/turtlebot3_navigation2/share/turtlebot3_navigation2/local_setup.dsv
-- Installing: /home/hoseok/turtlebot3_ws/install/turtlebot3_navigation2/share/turtlebot3_navigation2/package.dsv
-- Installing: /home/hoseok/turtlebot3_ws/install/turtlebot3_navigation2/share/ament_index/resource_index/packages/turtlebot3_navigation2
-- Installing: /home/hoseok/turtlebot3_ws/install/turtlebot3_navigation2/share/turtlebot3_navigation2/cmake/turtlebot3_navigation2Config.cmake
-- Installing: /home/hoseok/turtlebot3_ws/install/turtlebot3_navigation2/share/turtlebot3_navigation2/cmake/turtlebot3_navigation2Config-version.cmake
-- Installing: /home/hoseok/turtlebot3_ws/install/turtlebot3_navigation2/share/turtlebot3_navigation2/package.xml
