-- Install configuration: ""
-- Installing: /home/hoseok/turtlebot3_ws/install/turtlebot3_description/share/turtlebot3_description/meshes
-- Installing: /home/hoseok/turtlebot3_ws/install/turtlebot3_description/share/turtlebot3_description/meshes/bases
-- Installing: /home/hoseok/turtlebot3_ws/install/turtlebot3_description/share/turtlebot3_description/meshes/bases/waffle_pi_base.stl
-- Installing: /home/hoseok/turtlebot3_ws/install/turtlebot3_description/share/turtlebot3_description/meshes/bases/burger_base.stl
-- Installing: /home/hoseok/turtlebot3_ws/install/turtlebot3_description/share/turtlebot3_description/meshes/bases/waffle_base.stl
-- Installing: /home/hoseok/turtlebot3_ws/install/turtlebot3_description/share/turtlebot3_description/meshes/sensors
-- Installing: /home/hoseok/turtlebot3_ws/install/turtlebot3_description/share/turtlebot3_description/meshes/sensors/astra.jpg
-- Installing: /home/hoseok/turtlebot3_ws/install/turtlebot3_description/share/turtlebot3_description/meshes/sensors/r200.jpg
-- Installing: /home/hoseok/turtlebot3_ws/install/turtlebot3_description/share/turtlebot3_description/meshes/sensors/lds.stl
-- Installing: /home/hoseok/turtlebot3_ws/install/turtlebot3_description/share/turtlebot3_description/meshes/sensors/astra.dae
-- Installing: /home/hoseok/turtlebot3_ws/install/turtlebot3_description/share/turtlebot3_description/meshes/sensors/r200.dae
-- Installing: /home/hoseok/turtlebot3_ws/install/turtlebot3_description/share/turtlebot3_description/meshes/wheels
-- Installing: /home/hoseok/turtlebot3_ws/install/turtlebot3_description/share/turtlebot3_description/meshes/wheels/left_tire.stl
-- Installing: /home/hoseok/turtlebot3_ws/install/turtlebot3_description/share/turtlebot3_description/meshes/wheels/right_tire.stl
-- Installing: /home/hoseok/turtlebot3_ws/install/turtlebot3_description/share/turtlebot3_description/rviz
-- Installing: /home/hoseok/turtlebot3_ws/install/turtlebot3_description/share/turtlebot3_description/rviz/model.rviz
-- Installing: /home/hoseok/turtlebot3_ws/install/turtlebot3_description/share/turtlebot3_description/urdf
-- Installing: /home/hoseok/turtlebot3_ws/install/turtlebot3_description/share/turtlebot3_description/urdf/common_properties.urdf
-- Installing: /home/hoseok/turtlebot3_ws/install/turtlebot3_description/share/turtlebot3_description/urdf/turtlebot3_waffle.urdf
-- Installing: /home/hoseok/turtlebot3_ws/install/turtlebot3_description/share/turtlebot3_description/urdf/turtlebot3_waffle_pi.urdf
-- Installing: /home/hoseok/turtlebot3_ws/install/turtlebot3_description/share/turtlebot3_description/urdf/turtlebot3_burger.urdf
-- Installing: /home/hoseok/turtlebot3_ws/install/turtlebot3_description/share/ament_index/resource_index/package_run_dependencies/turtlebot3_description
-- Installing: /home/hoseok/turtlebot3_ws/install/turtlebot3_description/share/ament_index/resource_index/parent_prefix_path/turtlebot3_description
-- Installing: /home/hoseok/turtlebot3_ws/install/turtlebot3_description/share/turtlebot3_description/environment/ament_prefix_path.sh
-- Installing: /home/hoseok/turtlebot3_ws/install/turtlebot3_description/share/turtlebot3_description/environment/ament_prefix_path.dsv
-- Installing: /home/hoseok/turtlebot3_ws/install/turtlebot3_description/share/turtlebot3_description/environment/path.sh
-- Installing: /home/hoseok/turtlebot3_ws/install/turtlebot3_description/share/turtlebot3_description/environment/path.dsv
-- Installing: /home/hoseok/turtlebot3_ws/install/turtlebot3_description/share/turtlebot3_description/local_setup.bash
-- Installing: /home/hoseok/turtlebot3_ws/install/turtlebot3_description/share/turtlebot3_description/local_setup.sh
-- Installing: /home/hoseok/turtlebot3_ws/install/turtlebot3_description/share/turtlebot3_description/local_setup.zsh
-- Installing: /home/hoseok/turtlebot3_ws/install/turtlebot3_description/share/turtlebot3_description/local_setup.dsv
-- Installing: /home/hoseok/turtlebot3_ws/install/turtlebot3_description/share/turtlebot3_description/package.dsv
-- Installing: /home/hoseok/turtlebot3_ws/install/turtlebot3_description/share/ament_index/resource_index/packages/turtlebot3_description
-- Installing: /home/hoseok/turtlebot3_ws/install/turtlebot3_description/share/turtlebot3_description/cmake/turtlebot3_descriptionConfig.cmake
-- Installing: /home/hoseok/turtlebot3_ws/install/turtlebot3_description/share/turtlebot3_description/cmake/turtlebot3_descriptionConfig-version.cmake
-- Installing: /home/hoseok/turtlebot3_ws/install/turtlebot3_description/share/turtlebot3_description/package.xml
