[0.070s] Invoking command in '/home/hoseok/turtlebot3_ws/build/turtlebot3_description': CMAKE_PREFIX_PATH=/opt/ros/humble /usr/bin/cmake --build /home/hoseok/turtlebot3_ws/build/turtlebot3_description -- -j16 -l16
[0.090s] Invoked command in '/home/hoseok/turtlebot3_ws/build/turtlebot3_description' returned '0': CMAKE_PREFIX_PATH=/opt/ros/humble /usr/bin/cmake --build /home/hoseok/turtlebot3_ws/build/turtlebot3_description -- -j16 -l16
[0.106s] Invoking command in '/home/hoseok/turtlebot3_ws/build/turtlebot3_description': CMAKE_PREFIX_PATH=/opt/ros/humble /usr/bin/cmake --install /home/hoseok/turtlebot3_ws/build/turtlebot3_description
[0.110s] -- Install configuration: ""
[0.110s] -- Installing: /home/hoseok/turtlebot3_ws/install/turtlebot3_description/share/turtlebot3_description/meshes
[0.110s] -- Installing: /home/hoseok/turtlebot3_ws/install/turtlebot3_description/share/turtlebot3_description/meshes/bases
[0.110s] -- Installing: /home/hoseok/turtlebot3_ws/install/turtlebot3_description/share/turtlebot3_description/meshes/bases/waffle_pi_base.stl
[0.117s] -- Installing: /home/hoseok/turtlebot3_ws/install/turtlebot3_description/share/turtlebot3_description/meshes/bases/burger_base.stl
[0.118s] -- Installing: /home/hoseok/turtlebot3_ws/install/turtlebot3_description/share/turtlebot3_description/meshes/bases/waffle_base.stl
[0.125s] -- Installing: /home/hoseok/turtlebot3_ws/install/turtlebot3_description/share/turtlebot3_description/meshes/sensors
[0.125s] -- Installing: /home/hoseok/turtlebot3_ws/install/turtlebot3_description/share/turtlebot3_description/meshes/sensors/astra.jpg
[0.126s] -- Installing: /home/hoseok/turtlebot3_ws/install/turtlebot3_description/share/turtlebot3_description/meshes/sensors/r200.jpg
[0.126s] -- Installing: /home/hoseok/turtlebot3_ws/install/turtlebot3_description/share/turtlebot3_description/meshes/sensors/lds.stl
[0.126s] -- Installing: /home/hoseok/turtlebot3_ws/install/turtlebot3_description/share/turtlebot3_description/meshes/sensors/astra.dae
[0.130s] -- Installing: /home/hoseok/turtlebot3_ws/install/turtlebot3_description/share/turtlebot3_description/meshes/sensors/r200.dae
[0.131s] -- Installing: /home/hoseok/turtlebot3_ws/install/turtlebot3_description/share/turtlebot3_description/meshes/wheels
[0.131s] -- Installing: /home/hoseok/turtlebot3_ws/install/turtlebot3_description/share/turtlebot3_description/meshes/wheels/left_tire.stl
[0.131s] -- Installing: /home/hoseok/turtlebot3_ws/install/turtlebot3_description/share/turtlebot3_description/meshes/wheels/right_tire.stl
[0.132s] -- Installing: /home/hoseok/turtlebot3_ws/install/turtlebot3_description/share/turtlebot3_description/rviz
[0.132s] -- Installing: /home/hoseok/turtlebot3_ws/install/turtlebot3_description/share/turtlebot3_description/rviz/model.rviz
[0.132s] -- Installing: /home/hoseok/turtlebot3_ws/install/turtlebot3_description/share/turtlebot3_description/urdf
[0.133s] -- Installing: /home/hoseok/turtlebot3_ws/install/turtlebot3_description/share/turtlebot3_description/urdf/common_properties.urdf
[0.133s] -- Installing: /home/hoseok/turtlebot3_ws/install/turtlebot3_description/share/turtlebot3_description/urdf/turtlebot3_waffle.urdf
[0.133s] -- Installing: /home/hoseok/turtlebot3_ws/install/turtlebot3_description/share/turtlebot3_description/urdf/turtlebot3_waffle_pi.urdf
[0.134s] -- Installing: /home/hoseok/turtlebot3_ws/install/turtlebot3_description/share/turtlebot3_description/urdf/turtlebot3_burger.urdf
[0.134s] -- Installing: /home/hoseok/turtlebot3_ws/install/turtlebot3_description/share/ament_index/resource_index/package_run_dependencies/turtlebot3_description
[0.134s] -- Installing: /home/hoseok/turtlebot3_ws/install/turtlebot3_description/share/ament_index/resource_index/parent_prefix_path/turtlebot3_description
[0.135s] -- Installing: /home/hoseok/turtlebot3_ws/install/turtlebot3_description/share/turtlebot3_description/environment/ament_prefix_path.sh
[0.135s] -- Installing: /home/hoseok/turtlebot3_ws/install/turtlebot3_description/share/turtlebot3_description/environment/ament_prefix_path.dsv
[0.135s] -- Installing: /home/hoseok/turtlebot3_ws/install/turtlebot3_description/share/turtlebot3_description/environment/path.sh
[0.135s] -- Installing: /home/hoseok/turtlebot3_ws/install/turtlebot3_description/share/turtlebot3_description/environment/path.dsv
[0.136s] -- Installing: /home/hoseok/turtlebot3_ws/install/turtlebot3_description/share/turtlebot3_description/local_setup.bash
[0.136s] -- Installing: /home/hoseok/turtlebot3_ws/install/turtlebot3_description/share/turtlebot3_description/local_setup.sh
[0.136s] -- Installing: /home/hoseok/turtlebot3_ws/install/turtlebot3_description/share/turtlebot3_description/local_setup.zsh
[0.136s] -- Installing: /home/hoseok/turtlebot3_ws/install/turtlebot3_description/share/turtlebot3_description/local_setup.dsv
[0.136s] -- Installing: /home/hoseok/turtlebot3_ws/install/turtlebot3_description/share/turtlebot3_description/package.dsv
[0.137s] -- Installing: /home/hoseok/turtlebot3_ws/install/turtlebot3_description/share/ament_index/resource_index/packages/turtlebot3_description
[0.137s] -- Installing: /home/hoseok/turtlebot3_ws/install/turtlebot3_description/share/turtlebot3_description/cmake/turtlebot3_descriptionConfig.cmake
[0.137s] -- Installing: /home/hoseok/turtlebot3_ws/install/turtlebot3_description/share/turtlebot3_description/cmake/turtlebot3_descriptionConfig-version.cmake
[0.137s] -- Installing: /home/hoseok/turtlebot3_ws/install/turtlebot3_description/share/turtlebot3_description/package.xml
[0.202s] Invoked command in '/home/hoseok/turtlebot3_ws/build/turtlebot3_description' returned '0': CMAKE_PREFIX_PATH=/opt/ros/humble /usr/bin/cmake --install /home/hoseok/turtlebot3_ws/build/turtlebot3_description
