[0.033s] Invoking command in '/home/hoseok/turtlebot3_ws/build/turtlebot3_simulations': AMENT_PREFIX_PATH=/home/hoseok/turtlebot3_ws/install/turtlebot3_gazebo:/home/hoseok/turtlebot3_ws/install/turtlebot3_fake_node:${AMENT_PREFIX_PATH} CMAKE_PREFIX_PATH=/opt/ros/humble:/home/hoseok/turtlebot3_ws/install/turtlebot3_gazebo:/home/hoseok/turtlebot3_ws/install/turtlebot3_fake_node:${CMAKE_PREFIX_PATH} /usr/bin/cmake /home/hoseok/turtlebot3_ws/src/turtlebot3_simulations/turtlebot3_simulations -DCMAKE_INSTALL_PREFIX=/home/hoseok/turtlebot3_ws/install/turtlebot3_simulations
[0.062s] -- The C compiler identification is GNU 11.4.0
[0.090s] -- The CXX compiler identification is GNU 11.4.0
[0.094s] -- Detecting C compiler ABI info
[0.129s] -- Detecting C compiler ABI info - done
[0.132s] -- Check for working C compiler: /usr/bin/cc - skipped
[0.133s] -- Detecting C compile features
[0.133s] -- Detecting C compile features - done
[0.134s] -- Detecting CXX compiler ABI info
[0.180s] -- Detecting CXX compiler ABI info - done
[0.184s] -- Check for working CXX compiler: /usr/bin/c++ - skipped
[0.184s] -- Detecting CXX compile features
[0.184s] -- Detecting CXX compile features - done
[0.185s] -- Found ament_cmake: 1.3.6 (/opt/ros/humble/share/ament_cmake/cmake)
[0.278s] -- Found Python3: /usr/bin/python3.10 (found version "3.10.12") found components: Interpreter 
[0.367s] -- Configuring done
[0.368s] -- Generating done
[0.369s] -- Build files have been written to: /home/hoseok/turtlebot3_ws/build/turtlebot3_simulations
[0.372s] Invoked command in '/home/hoseok/turtlebot3_ws/build/turtlebot3_simulations' returned '0': AMENT_PREFIX_PATH=/home/hoseok/turtlebot3_ws/install/turtlebot3_gazebo:/home/hoseok/turtlebot3_ws/install/turtlebot3_fake_node:${AMENT_PREFIX_PATH} CMAKE_PREFIX_PATH=/opt/ros/humble:/home/hoseok/turtlebot3_ws/install/turtlebot3_gazebo:/home/hoseok/turtlebot3_ws/install/turtlebot3_fake_node:${CMAKE_PREFIX_PATH} /usr/bin/cmake /home/hoseok/turtlebot3_ws/src/turtlebot3_simulations/turtlebot3_simulations -DCMAKE_INSTALL_PREFIX=/home/hoseok/turtlebot3_ws/install/turtlebot3_simulations
[0.372s] Invoking command in '/home/hoseok/turtlebot3_ws/build/turtlebot3_simulations': AMENT_PREFIX_PATH=/home/hoseok/turtlebot3_ws/install/turtlebot3_gazebo:/home/hoseok/turtlebot3_ws/install/turtlebot3_fake_node:${AMENT_PREFIX_PATH} CMAKE_PREFIX_PATH=/opt/ros/humble:/home/hoseok/turtlebot3_ws/install/turtlebot3_gazebo:/home/hoseok/turtlebot3_ws/install/turtlebot3_fake_node:${CMAKE_PREFIX_PATH} /usr/bin/cmake --build /home/hoseok/turtlebot3_ws/build/turtlebot3_simulations -- -j16 -l16
[0.391s] Invoked command in '/home/hoseok/turtlebot3_ws/build/turtlebot3_simulations' returned '0': AMENT_PREFIX_PATH=/home/hoseok/turtlebot3_ws/install/turtlebot3_gazebo:/home/hoseok/turtlebot3_ws/install/turtlebot3_fake_node:${AMENT_PREFIX_PATH} CMAKE_PREFIX_PATH=/opt/ros/humble:/home/hoseok/turtlebot3_ws/install/turtlebot3_gazebo:/home/hoseok/turtlebot3_ws/install/turtlebot3_fake_node:${CMAKE_PREFIX_PATH} /usr/bin/cmake --build /home/hoseok/turtlebot3_ws/build/turtlebot3_simulations -- -j16 -l16
[0.402s] Invoking command in '/home/hoseok/turtlebot3_ws/build/turtlebot3_simulations': AMENT_PREFIX_PATH=/home/hoseok/turtlebot3_ws/install/turtlebot3_gazebo:/home/hoseok/turtlebot3_ws/install/turtlebot3_fake_node:${AMENT_PREFIX_PATH} CMAKE_PREFIX_PATH=/opt/ros/humble:/home/hoseok/turtlebot3_ws/install/turtlebot3_gazebo:/home/hoseok/turtlebot3_ws/install/turtlebot3_fake_node:${CMAKE_PREFIX_PATH} /usr/bin/cmake --install /home/hoseok/turtlebot3_ws/build/turtlebot3_simulations
[0.406s] -- Install configuration: ""
[0.406s] -- Installing: /home/hoseok/turtlebot3_ws/install/turtlebot3_simulations/share/ament_index/resource_index/package_run_dependencies/turtlebot3_simulations
[0.406s] -- Installing: /home/hoseok/turtlebot3_ws/install/turtlebot3_simulations/share/ament_index/resource_index/parent_prefix_path/turtlebot3_simulations
[0.406s] -- Installing: /home/hoseok/turtlebot3_ws/install/turtlebot3_simulations/share/turtlebot3_simulations/environment/ament_prefix_path.sh
[0.406s] -- Installing: /home/hoseok/turtlebot3_ws/install/turtlebot3_simulations/share/turtlebot3_simulations/environment/ament_prefix_path.dsv
[0.406s] -- Installing: /home/hoseok/turtlebot3_ws/install/turtlebot3_simulations/share/turtlebot3_simulations/environment/path.sh
[0.406s] -- Installing: /home/hoseok/turtlebot3_ws/install/turtlebot3_simulations/share/turtlebot3_simulations/environment/path.dsv
[0.406s] -- Installing: /home/hoseok/turtlebot3_ws/install/turtlebot3_simulations/share/turtlebot3_simulations/local_setup.bash
[0.406s] -- Installing: /home/hoseok/turtlebot3_ws/install/turtlebot3_simulations/share/turtlebot3_simulations/local_setup.sh
[0.406s] -- Installing: /home/hoseok/turtlebot3_ws/install/turtlebot3_simulations/share/turtlebot3_simulations/local_setup.zsh
[0.407s] -- Installing: /home/hoseok/turtlebot3_ws/install/turtlebot3_simulations/share/turtlebot3_simulations/local_setup.dsv
[0.407s] -- Installing: /home/hoseok/turtlebot3_ws/install/turtlebot3_simulations/share/turtlebot3_simulations/package.dsv
[0.407s] -- Installing: /home/hoseok/turtlebot3_ws/install/turtlebot3_simulations/share/ament_index/resource_index/packages/turtlebot3_simulations
[0.407s] -- Installing: /home/hoseok/turtlebot3_ws/install/turtlebot3_simulations/share/turtlebot3_simulations/cmake/turtlebot3_simulationsConfig.cmake
[0.407s] -- Installing: /home/hoseok/turtlebot3_ws/install/turtlebot3_simulations/share/turtlebot3_simulations/cmake/turtlebot3_simulationsConfig-version.cmake
[0.407s] -- Installing: /home/hoseok/turtlebot3_ws/install/turtlebot3_simulations/share/turtlebot3_simulations/package.xml
[0.408s] Invoked command in '/home/hoseok/turtlebot3_ws/build/turtlebot3_simulations' returned '0': AMENT_PREFIX_PATH=/home/hoseok/turtlebot3_ws/install/turtlebot3_gazebo:/home/hoseok/turtlebot3_ws/install/turtlebot3_fake_node:${AMENT_PREFIX_PATH} CMAKE_PREFIX_PATH=/opt/ros/humble:/home/hoseok/turtlebot3_ws/install/turtlebot3_gazebo:/home/hoseok/turtlebot3_ws/install/turtlebot3_fake_node:${CMAKE_PREFIX_PATH} /usr/bin/cmake --install /home/hoseok/turtlebot3_ws/build/turtlebot3_simulations
