[0.046s] Invoking command in '/home/hoseok/turtlebot3_ws/build/turtlebot3_gazebo': AMENT_PREFIX_PATH=/home/hoseok/turtlebot3_ws/install/turtlebot3_description:${AMENT_PREFIX_PATH} CMAKE_PREFIX_PATH=/home/hoseok/turtlebot3_ws/install/turtlebot3_description /usr/bin/cmake /home/hoseok/turtlebot3_ws/src/turtlebot3_simulations/turtlebot3_gazebo -DCATKIN_INSTALL_INTO_PREFIX_ROOT=0 -DCMAKE_INSTALL_PREFIX=/home/hoseok/turtlebot3_ws/install/turtlebot3_gazebo
[0.073s] -- The C compiler identification is GNU 11.4.0
[0.102s] -- The CXX compiler identification is GNU 11.4.0
[0.109s] -- Detecting C compiler ABI info
[0.148s] -- Detecting C compiler ABI info - done
[0.152s] -- Check for working C compiler: /usr/bin/cc - skipped
[0.152s] -- Detecting C compile features
[0.152s] -- Detecting C compile features - done
[0.154s] -- Detecting CXX compiler ABI info
[0.196s] -- Detecting CXX compiler ABI info - done
[0.204s] -- Check for working CXX compiler: /usr/bin/c++ - skipped
[0.204s] -- Detecting CXX compile features
[0.205s] -- Detecting CXX compile features - done
[0.213s] [31mCMake Error at CMakeLists.txt:14 (find_package):
[0.213s]   By not providing "Findcatkin.cmake" in CMAKE_MODULE_PATH this project has
[0.213s]   asked CMake to find a package configuration file provided by "catkin", but
[0.213s]   CMake did not find one.
[0.213s] 
[0.213s]   Could not find a package configuration file provided by "catkin" with any
[0.213s]   of the following names:
[0.213s] 
[0.213s]     catkinConfig.cmake
[0.213s]     catkin-config.cmake
[0.213s] 
[0.213s]   Add the installation prefix of "catkin" to CMAKE_PREFIX_PATH or set
[0.213s]   "catkin_DIR" to a directory containing one of the above files.  If "catkin"
[0.213s]   provides a separate development package or SDK, be sure it has been
[0.213s]   installed.
[0.213s] 
[0.213s] [0m
[0.213s] -- Configuring incomplete, errors occurred!
[0.213s] See also "/home/hoseok/turtlebot3_ws/build/turtlebot3_gazebo/CMakeFiles/CMakeOutput.log".
[0.216s] Invoked command in '/home/hoseok/turtlebot3_ws/build/turtlebot3_gazebo' returned '1': AMENT_PREFIX_PATH=/home/hoseok/turtlebot3_ws/install/turtlebot3_description:${AMENT_PREFIX_PATH} CMAKE_PREFIX_PATH=/home/hoseok/turtlebot3_ws/install/turtlebot3_description /usr/bin/cmake /home/hoseok/turtlebot3_ws/src/turtlebot3_simulations/turtlebot3_gazebo -DCATKIN_INSTALL_INTO_PREFIX_ROOT=0 -DCMAKE_INSTALL_PREFIX=/home/hoseok/turtlebot3_ws/install/turtlebot3_gazebo
