[0.099s] Invoking command in '/home/hoseok/turtlebot3_ws/build/turtlebot3_gazebo': CMAKE_PREFIX_PATH=${CMAKE_PREFIX_PATH}:/opt/ros/humble /usr/bin/cmake /home/hoseok/turtlebot3_ws/src/turtlebot3_simulations/turtlebot3_gazebo -DCMAKE_INSTALL_PREFIX=/home/hoseok/turtlebot3_ws/install/turtlebot3_gazebo
[0.107s] -- Found ament_cmake: 1.3.6 (/opt/ros/humble/share/ament_cmake/cmake)
[0.203s] -- Found Python3: /usr/bin/python3.10 (found version "3.10.12") found components: Interpreter 
[0.256s] [33mCMake Warning (dev) at /usr/share/cmake-3.22/Modules/FindPackageHandleStandardArgs.cmake:438 (message):
[0.256s]   The package name passed to `find_package_handle_standard_args` (PkgConfig)
[0.256s]   does not match the name of the calling package (gazebo).  This can lead to
[0.256s]   problems in calling code that expects `find_package` result variables
[0.257s]   (e.g., `_FOUND`) to follow a certain pattern.
[0.257s] Call Stack (most recent call first):
[0.257s]   /usr/share/cmake-3.22/Modules/FindPkgConfig.cmake:99 (find_package_handle_standard_args)
[0.257s]   /usr/lib/x86_64-linux-gnu/cmake/gazebo/gazebo-config.cmake:72 (include)
[0.257s]   CMakeLists.txt:23 (find_package)
[0.257s] This warning is for project developers.  Use -Wno-dev to suppress it.
[0.257s] [0m
[0.257s] -- Found PkgConfig: /usr/bin/pkg-config (found version "0.29.2") 
[0.257s] -- Checking for module 'bullet>=2.82'
[0.263s] --   Found bullet, version 3.05
[0.319s] -- Found fcl: /usr/include (found suitable version "0.7.0", minimum required is "0.5.0") 
[0.341s] -- Found assimp: /usr/include (found version "5.2.0") 
[0.356s] -- Found DART: /usr/include (Required is at least version "6.6") found components: dart 
[0.453s] -- Found Boost: /usr/lib/x86_64-linux-gnu/cmake/Boost-1.74.0/BoostConfig.cmake (found suitable version "1.74.0", minimum required is "1.40.0") found components: thread system filesystem program_options regex iostreams date_time 
[0.463s] -- Found Protobuf: /usr/lib/x86_64-linux-gnu/libprotobuf.so (found version "3.12.4") 
[0.466s] -- Looking for ignition-math6 -- found version 6.15.0
[0.469s] -- Searching for dependencies of ignition-math6
[0.470s] -- Looking for OGRE...
[0.470s] -- OGRE_PREFIX_WATCH changed.
[0.473s] -- Checking for module 'OGRE'
[0.480s] --   Found OGRE, version 1.9.0
[0.495s] -- Found Ogre Ghadamon (1.9.0)
[0.500s] -- Found OGRE: optimized;/usr/lib/x86_64-linux-gnu/libOgreMain.so;debug;/usr/lib/x86_64-linux-gnu/libOgreMain.so
[0.507s] -- Looking for OGRE_Paging...
[0.510s] -- Found OGRE_Paging: optimized;/usr/lib/x86_64-linux-gnu/libOgrePaging.so;debug;/usr/lib/x86_64-linux-gnu/libOgrePaging.so
[0.511s] -- Looking for OGRE_Terrain...
[0.513s] -- Found OGRE_Terrain: optimized;/usr/lib/x86_64-linux-gnu/libOgreTerrain.so;debug;/usr/lib/x86_64-linux-gnu/libOgreTerrain.so
[0.513s] -- Looking for OGRE_Property...
[0.517s] -- Found OGRE_Property: optimized;/usr/lib/x86_64-linux-gnu/libOgreProperty.so;debug;/usr/lib/x86_64-linux-gnu/libOgreProperty.so
[0.517s] -- Looking for OGRE_RTShaderSystem...
[0.520s] -- Found OGRE_RTShaderSystem: optimized;/usr/lib/x86_64-linux-gnu/libOgreRTShaderSystem.so;debug;/usr/lib/x86_64-linux-gnu/libOgreRTShaderSystem.so
[0.520s] -- Looking for OGRE_Volume...
[0.522s] -- Found OGRE_Volume: optimized;/usr/lib/x86_64-linux-gnu/libOgreVolume.so;debug;/usr/lib/x86_64-linux-gnu/libOgreVolume.so
[0.523s] -- Looking for OGRE_Overlay...
[0.525s] -- Found OGRE_Overlay: optimized;/usr/lib/x86_64-linux-gnu/libOgreOverlay.so;debug;/usr/lib/x86_64-linux-gnu/libOgreOverlay.so
[0.579s] -- Looking for ignition-math6 -- found version 6.15.0
[0.581s] -- Looking for ignition-transport8 -- found version 8.2.1
[0.581s] -- Searching for dependencies of ignition-transport8
[0.591s] -- Found Protobuf: /usr/lib/x86_64-linux-gnu/libprotobuf.so (found suitable version "3.12.4", minimum required is "3") 
[0.596s] -- Config-file not installed for ZeroMQ -- checking for pkg-config
[0.599s] -- Checking for module 'libzmq >= 4'
[0.605s] --   Found libzmq , version 4.3.4
[0.620s] -- Found ZeroMQ: TRUE (Required is at least version "4") 
[0.623s] -- Checking for module 'uuid'
[0.629s] --   Found uuid, version 2.37.2
[0.643s] -- Found UUID: TRUE  
[0.644s] -- Looking for ignition-msgs5 -- found version 5.8.1
[0.644s] -- Searching for dependencies of ignition-msgs5
[0.654s] -- Looking for ignition-math6 -- found version 6.15.0
[0.657s] -- Checking for module 'tinyxml2'
[0.662s] --   Found tinyxml2, version 9.0.0
[0.677s] -- Looking for ignition-msgs5 -- found version 5.8.1
[0.679s] -- Looking for ignition-common3 -- found version 3.14.0
[0.679s] -- Searching for dependencies of ignition-common3
[0.679s] -- Looking for dlfcn.h - found
[0.680s] -- Looking for libdl - found
[0.681s] -- Found DL: TRUE  
[0.688s] -- Found tinyobjloader: /usr/lib/x86_64-linux-gnu/cmake/tinyobjloader/tinyobjloader-config.cmake (found version "2.0.0") 
[0.688s] -- Searching for <ignition-common3> component [graphics]
[0.689s] -- Looking for ignition-common3-graphics -- found version 3.14.0
[0.690s] -- Searching for dependencies of ignition-common3-graphics
[0.690s] -- Looking for ignition-math6 -- found version 6.15.0
[0.691s] -- Looking for ignition-fuel_tools4 -- found version 4.4.0
[0.692s] -- Searching for dependencies of ignition-fuel_tools4
[0.728s] -- Found CURL: /usr/lib/x86_64-linux-gnu/libcurl.so (found version "7.81.0")  
[0.733s] -- Checking for module 'jsoncpp'
[0.739s] --   Found jsoncpp, version 1.9.5
[0.753s] -- Found JSONCPP: TRUE  
[0.757s] -- Checking for module 'libzip'
[0.763s] --   Found libzip, version 1.7.3
[0.779s] -- Found ZIP: TRUE  
[0.779s] -- Looking for ignition-common3 -- found version 3.14.0
[0.779s] -- Looking for ignition-math6 -- found version 6.15.0
[0.779s] -- Looking for ignition-msgs5 -- found version 5.8.1
[0.782s] -- Found gazebo_ros_pkgs: 3.7.0 (/opt/ros/humble/share/gazebo_ros_pkgs/cmake)
[0.783s] -- Found geometry_msgs: 4.2.3 (/opt/ros/humble/share/geometry_msgs/cmake)
[0.800s] -- Found rosidl_generator_c: 3.1.5 (/opt/ros/humble/share/rosidl_generator_c/cmake)
[0.803s] -- Found rosidl_adapter: 3.1.5 (/opt/ros/humble/share/rosidl_adapter/cmake)
[0.808s] -- Found rosidl_generator_cpp: 3.1.5 (/opt/ros/humble/share/rosidl_generator_cpp/cmake)
[0.815s] -- Using all available rosidl_typesupport_c: rosidl_typesupport_fastrtps_c;rosidl_typesupport_introspection_c
[0.826s] -- Using all available rosidl_typesupport_cpp: rosidl_typesupport_fastrtps_cpp;rosidl_typesupport_introspection_cpp
[0.891s] -- Found nav_msgs: 4.2.3 (/opt/ros/humble/share/nav_msgs/cmake)
[0.937s] -- Found rclcpp: 16.0.7 (/opt/ros/humble/share/rclcpp/cmake)
[0.968s] -- Found rmw_implementation_cmake: 6.1.1 (/opt/ros/humble/share/rmw_implementation_cmake/cmake)
[0.970s] -- Found rmw_fastrtps_cpp: 6.2.5 (/opt/ros/humble/share/rmw_fastrtps_cpp/cmake)
[1.021s] -- Found OpenSSL: /usr/lib/x86_64-linux-gnu/libcrypto.so (found version "3.0.2")  
[1.034s] -- Found FastRTPS: /opt/ros/humble/include  
[1.059s] -- Using RMW implementation 'rmw_fastrtps_cpp' as default
[1.064s] -- Found Threads: TRUE  
[1.134s] -- Found sensor_msgs: 4.2.3 (/opt/ros/humble/share/sensor_msgs/cmake)
[1.182s] -- Found tf2: 0.25.5 (/opt/ros/humble/share/tf2/cmake)
[1.225s] -- Configuring done
[1.239s] -- Generating done
[1.240s] -- Build files have been written to: /home/hoseok/turtlebot3_ws/build/turtlebot3_gazebo
[1.247s] Invoked command in '/home/hoseok/turtlebot3_ws/build/turtlebot3_gazebo' returned '0': CMAKE_PREFIX_PATH=${CMAKE_PREFIX_PATH}:/opt/ros/humble /usr/bin/cmake /home/hoseok/turtlebot3_ws/src/turtlebot3_simulations/turtlebot3_gazebo -DCMAKE_INSTALL_PREFIX=/home/hoseok/turtlebot3_ws/install/turtlebot3_gazebo
[1.248s] Invoking command in '/home/hoseok/turtlebot3_ws/build/turtlebot3_gazebo': CMAKE_PREFIX_PATH=${CMAKE_PREFIX_PATH}:/opt/ros/humble /usr/bin/cmake --build /home/hoseok/turtlebot3_ws/build/turtlebot3_gazebo -- -j16 -l16
[1.274s] [ 50%] [32mBuilding CXX object CMakeFiles/obstacles.dir/models/turtlebot3_dqn_world/obstacle_plugin/obstacles.cc.o[0m
[1.274s] [ 50%] [32mBuilding CXX object CMakeFiles/obstacle1.dir/models/turtlebot3_dqn_world/obstacle_plugin/obstacle1.cc.o[0m
[1.274s] [ 50%] [32mBuilding CXX object CMakeFiles/obstacle2.dir/models/turtlebot3_dqn_world/obstacle_plugin/obstacle2.cc.o[0m
[1.274s] [ 50%] [32mBuilding CXX object CMakeFiles/turtlebot3_drive.dir/src/turtlebot3_drive.cpp.o[0m
[8.131s] [ 62%] [32m[1mLinking CXX shared library libobstacle2.so[0m
[8.266s] [ 62%] Built target obstacle2
[8.369s] [ 75%] [32m[1mLinking CXX shared library libobstacles.so[0m
[8.498s] [ 75%] Built target obstacles
[8.798s] [ 87%] [32m[1mLinking CXX executable turtlebot3_drive[0m
[9.109s] [ 87%] Built target turtlebot3_drive
[9.148s] [100%] [32m[1mLinking CXX shared library libobstacle1.so[0m
[9.264s] [100%] Built target obstacle1
[9.271s] Invoked command in '/home/hoseok/turtlebot3_ws/build/turtlebot3_gazebo' returned '0': CMAKE_PREFIX_PATH=${CMAKE_PREFIX_PATH}:/opt/ros/humble /usr/bin/cmake --build /home/hoseok/turtlebot3_ws/build/turtlebot3_gazebo -- -j16 -l16
[9.288s] Invoking command in '/home/hoseok/turtlebot3_ws/build/turtlebot3_gazebo': CMAKE_PREFIX_PATH=${CMAKE_PREFIX_PATH}:/opt/ros/humble /usr/bin/cmake --install /home/hoseok/turtlebot3_ws/build/turtlebot3_gazebo
[9.291s] -- Install configuration: ""
[9.292s] -- Installing: /home/hoseok/turtlebot3_ws/install/turtlebot3_gazebo/lib/turtlebot3_gazebo/turtlebot3_drive
[9.294s] -- Set runtime path of "/home/hoseok/turtlebot3_ws/install/turtlebot3_gazebo/lib/turtlebot3_gazebo/turtlebot3_drive" to ""
[9.294s] -- Installing: /home/hoseok/turtlebot3_ws/install/turtlebot3_gazebo/share/turtlebot3_gazebo//launch
[9.294s] -- Installing: /home/hoseok/turtlebot3_ws/install/turtlebot3_gazebo/share/turtlebot3_gazebo//launch/turtlebot3_house.launch.py
[9.294s] -- Installing: /home/hoseok/turtlebot3_ws/install/turtlebot3_gazebo/share/turtlebot3_gazebo//launch/spawn_turtlebot3.launch.py
[9.294s] -- Installing: /home/hoseok/turtlebot3_ws/install/turtlebot3_gazebo/share/turtlebot3_gazebo//launch/turtlebot3_dqn_stage1.launch.py
[9.295s] -- Installing: /home/hoseok/turtlebot3_ws/install/turtlebot3_gazebo/share/turtlebot3_gazebo//launch/turtlebot3_dqn_stage3.launch.py
[9.295s] -- Installing: /home/hoseok/turtlebot3_ws/install/turtlebot3_gazebo/share/turtlebot3_gazebo//launch/turtlebot3_dqn_stage4.launch.py
[9.295s] -- Installing: /home/hoseok/turtlebot3_ws/install/turtlebot3_gazebo/share/turtlebot3_gazebo//launch/turtlebot3_dqn_stage2.launch.py
[9.295s] -- Installing: /home/hoseok/turtlebot3_ws/install/turtlebot3_gazebo/share/turtlebot3_gazebo//launch/turtlebot3_world.launch.py
[9.295s] -- Installing: /home/hoseok/turtlebot3_ws/install/turtlebot3_gazebo/share/turtlebot3_gazebo//launch/empty_world.launch.py
[9.295s] -- Installing: /home/hoseok/turtlebot3_ws/install/turtlebot3_gazebo/share/turtlebot3_gazebo//launch/robot_state_publisher.launch.py
[9.295s] -- Installing: /home/hoseok/turtlebot3_ws/install/turtlebot3_gazebo/share/turtlebot3_gazebo//models
[9.295s] -- Installing: /home/hoseok/turtlebot3_ws/install/turtlebot3_gazebo/share/turtlebot3_gazebo//models/turtlebot3_common
[9.295s] -- Installing: /home/hoseok/turtlebot3_ws/install/turtlebot3_gazebo/share/turtlebot3_gazebo//models/turtlebot3_common/model.config
[9.296s] -- Installing: /home/hoseok/turtlebot3_ws/install/turtlebot3_gazebo/share/turtlebot3_gazebo//models/turtlebot3_common/meshes
[9.296s] -- Installing: /home/hoseok/turtlebot3_ws/install/turtlebot3_gazebo/share/turtlebot3_gazebo//models/turtlebot3_common/meshes/tire.dae
[9.296s] -- Installing: /home/hoseok/turtlebot3_ws/install/turtlebot3_gazebo/share/turtlebot3_gazebo//models/turtlebot3_common/meshes/waffle_pi_base.dae
[9.296s] -- Installing: /home/hoseok/turtlebot3_ws/install/turtlebot3_gazebo/share/turtlebot3_gazebo//models/turtlebot3_common/meshes/lds.dae
[9.296s] -- Installing: /home/hoseok/turtlebot3_ws/install/turtlebot3_gazebo/share/turtlebot3_gazebo//models/turtlebot3_common/meshes/r200.dae
[9.296s] -- Installing: /home/hoseok/turtlebot3_ws/install/turtlebot3_gazebo/share/turtlebot3_gazebo//models/turtlebot3_common/meshes/waffle_base.dae
[9.296s] -- Installing: /home/hoseok/turtlebot3_ws/install/turtlebot3_gazebo/share/turtlebot3_gazebo//models/turtlebot3_common/meshes/burger_base.dae
[9.296s] -- Installing: /home/hoseok/turtlebot3_ws/install/turtlebot3_gazebo/share/turtlebot3_gazebo//models/turtlebot3_dqn_world
[9.296s] -- Installing: /home/hoseok/turtlebot3_ws/install/turtlebot3_gazebo/share/turtlebot3_gazebo//models/turtlebot3_dqn_world/model.config
[9.296s] -- Installing: /home/hoseok/turtlebot3_ws/install/turtlebot3_gazebo/share/turtlebot3_gazebo//models/turtlebot3_dqn_world/model.sdf
[9.296s] -- Installing: /home/hoseok/turtlebot3_ws/install/turtlebot3_gazebo/share/turtlebot3_gazebo//models/turtlebot3_dqn_world/obstacle_plugin
[9.296s] -- Installing: /home/hoseok/turtlebot3_ws/install/turtlebot3_gazebo/share/turtlebot3_gazebo//models/turtlebot3_dqn_world/obstacle_plugin/obstacle1.cc
[9.296s] -- Installing: /home/hoseok/turtlebot3_ws/install/turtlebot3_gazebo/share/turtlebot3_gazebo//models/turtlebot3_dqn_world/obstacle_plugin/CMakeLists.txt
[9.297s] -- Installing: /home/hoseok/turtlebot3_ws/install/turtlebot3_gazebo/share/turtlebot3_gazebo//models/turtlebot3_dqn_world/obstacle_plugin/obstacles.cc
[9.297s] -- Installing: /home/hoseok/turtlebot3_ws/install/turtlebot3_gazebo/share/turtlebot3_gazebo//models/turtlebot3_dqn_world/obstacle_plugin/obstacle2.cc
[9.297s] -- Installing: /home/hoseok/turtlebot3_ws/install/turtlebot3_gazebo/share/turtlebot3_gazebo//models/turtlebot3_dqn_world/obstacle2
[9.297s] -- Installing: /home/hoseok/turtlebot3_ws/install/turtlebot3_gazebo/share/turtlebot3_gazebo//models/turtlebot3_dqn_world/obstacle2/model.config
[9.297s] -- Installing: /home/hoseok/turtlebot3_ws/install/turtlebot3_gazebo/share/turtlebot3_gazebo//models/turtlebot3_dqn_world/obstacle2/model.sdf
[9.297s] -- Installing: /home/hoseok/turtlebot3_ws/install/turtlebot3_gazebo/share/turtlebot3_gazebo//models/turtlebot3_dqn_world/obstacle1
[9.297s] -- Installing: /home/hoseok/turtlebot3_ws/install/turtlebot3_gazebo/share/turtlebot3_gazebo//models/turtlebot3_dqn_world/obstacle1/model.config
[9.297s] -- Installing: /home/hoseok/turtlebot3_ws/install/turtlebot3_gazebo/share/turtlebot3_gazebo//models/turtlebot3_dqn_world/obstacle1/model.sdf
[9.297s] -- Installing: /home/hoseok/turtlebot3_ws/install/turtlebot3_gazebo/share/turtlebot3_gazebo//models/turtlebot3_dqn_world/obstacles
[9.297s] -- Installing: /home/hoseok/turtlebot3_ws/install/turtlebot3_gazebo/share/turtlebot3_gazebo//models/turtlebot3_dqn_world/obstacles/model.config
[9.297s] -- Installing: /home/hoseok/turtlebot3_ws/install/turtlebot3_gazebo/share/turtlebot3_gazebo//models/turtlebot3_dqn_world/obstacles/model.sdf
[9.297s] -- Installing: /home/hoseok/turtlebot3_ws/install/turtlebot3_gazebo/share/turtlebot3_gazebo//models/turtlebot3_dqn_world/goal_box
[9.297s] -- Installing: /home/hoseok/turtlebot3_ws/install/turtlebot3_gazebo/share/turtlebot3_gazebo//models/turtlebot3_dqn_world/goal_box/model.config
[9.297s] -- Installing: /home/hoseok/turtlebot3_ws/install/turtlebot3_gazebo/share/turtlebot3_gazebo//models/turtlebot3_dqn_world/goal_box/model.sdf
[9.298s] -- Installing: /home/hoseok/turtlebot3_ws/install/turtlebot3_gazebo/share/turtlebot3_gazebo//models/turtlebot3_dqn_world/inner_walls
[9.298s] -- Installing: /home/hoseok/turtlebot3_ws/install/turtlebot3_gazebo/share/turtlebot3_gazebo//models/turtlebot3_dqn_world/inner_walls/model.config
[9.298s] -- Installing: /home/hoseok/turtlebot3_ws/install/turtlebot3_gazebo/share/turtlebot3_gazebo//models/turtlebot3_dqn_world/inner_walls/model.sdf
[9.298s] -- Installing: /home/hoseok/turtlebot3_ws/install/turtlebot3_gazebo/share/turtlebot3_gazebo//models/turtlebot3_burger
[9.298s] -- Installing: /home/hoseok/turtlebot3_ws/install/turtlebot3_gazebo/share/turtlebot3_gazebo//models/turtlebot3_burger/model.config
[9.298s] -- Installing: /home/hoseok/turtlebot3_ws/install/turtlebot3_gazebo/share/turtlebot3_gazebo//models/turtlebot3_burger/model.sdf
[9.298s] -- Installing: /home/hoseok/turtlebot3_ws/install/turtlebot3_gazebo/share/turtlebot3_gazebo//models/turtlebot3_burger/model-1_4.sdf
[9.298s] -- Installing: /home/hoseok/turtlebot3_ws/install/turtlebot3_gazebo/share/turtlebot3_gazebo//models/turtlebot3_waffle_pi
[9.298s] -- Installing: /home/hoseok/turtlebot3_ws/install/turtlebot3_gazebo/share/turtlebot3_gazebo//models/turtlebot3_waffle_pi/model.config
[9.298s] -- Installing: /home/hoseok/turtlebot3_ws/install/turtlebot3_gazebo/share/turtlebot3_gazebo//models/turtlebot3_waffle_pi/model-1_4_.sdf
[9.298s] -- Installing: /home/hoseok/turtlebot3_ws/install/turtlebot3_gazebo/share/turtlebot3_gazebo//models/turtlebot3_waffle_pi/model.sdf
[9.299s] -- Installing: /home/hoseok/turtlebot3_ws/install/turtlebot3_gazebo/share/turtlebot3_gazebo//models/turtlebot3_waffle
[9.299s] -- Installing: /home/hoseok/turtlebot3_ws/install/turtlebot3_gazebo/share/turtlebot3_gazebo//models/turtlebot3_waffle/model.config
[9.299s] -- Installing: /home/hoseok/turtlebot3_ws/install/turtlebot3_gazebo/share/turtlebot3_gazebo//models/turtlebot3_waffle/model.sdf
[9.299s] -- Installing: /home/hoseok/turtlebot3_ws/install/turtlebot3_gazebo/share/turtlebot3_gazebo//models/turtlebot3_waffle/model-1_4.sdf
[9.299s] -- Installing: /home/hoseok/turtlebot3_ws/install/turtlebot3_gazebo/share/turtlebot3_gazebo//models/turtlebot3_house
[9.299s] -- Installing: /home/hoseok/turtlebot3_ws/install/turtlebot3_gazebo/share/turtlebot3_gazebo//models/turtlebot3_house/model.config
[9.299s] -- Installing: /home/hoseok/turtlebot3_ws/install/turtlebot3_gazebo/share/turtlebot3_gazebo//models/turtlebot3_house/model.sdf
[9.299s] -- Installing: /home/hoseok/turtlebot3_ws/install/turtlebot3_gazebo/share/turtlebot3_gazebo//models/turtlebot3_world
[9.299s] -- Installing: /home/hoseok/turtlebot3_ws/install/turtlebot3_gazebo/share/turtlebot3_gazebo//models/turtlebot3_world/model.config
[9.299s] -- Installing: /home/hoseok/turtlebot3_ws/install/turtlebot3_gazebo/share/turtlebot3_gazebo//models/turtlebot3_world/model.sdf
[9.299s] -- Installing: /home/hoseok/turtlebot3_ws/install/turtlebot3_gazebo/share/turtlebot3_gazebo//models/turtlebot3_world/model-1_4.sdf
[9.299s] -- Installing: /home/hoseok/turtlebot3_ws/install/turtlebot3_gazebo/share/turtlebot3_gazebo//models/turtlebot3_world/meshes
[9.299s] -- Installing: /home/hoseok/turtlebot3_ws/install/turtlebot3_gazebo/share/turtlebot3_gazebo//models/turtlebot3_world/meshes/wall.dae
[9.299s] -- Installing: /home/hoseok/turtlebot3_ws/install/turtlebot3_gazebo/share/turtlebot3_gazebo//models/turtlebot3_world/meshes/hexagon.dae
[9.299s] -- Installing: /home/hoseok/turtlebot3_ws/install/turtlebot3_gazebo/share/turtlebot3_gazebo//rviz
[9.299s] -- Installing: /home/hoseok/turtlebot3_ws/install/turtlebot3_gazebo/share/turtlebot3_gazebo//rviz/tb3_gazebo.rviz
[9.299s] -- Installing: /home/hoseok/turtlebot3_ws/install/turtlebot3_gazebo/share/turtlebot3_gazebo//urdf
[9.299s] -- Installing: /home/hoseok/turtlebot3_ws/install/turtlebot3_gazebo/share/turtlebot3_gazebo//urdf/common_properties.urdf
[9.299s] -- Installing: /home/hoseok/turtlebot3_ws/install/turtlebot3_gazebo/share/turtlebot3_gazebo//urdf/turtlebot3_waffle.urdf
[9.299s] -- Installing: /home/hoseok/turtlebot3_ws/install/turtlebot3_gazebo/share/turtlebot3_gazebo//urdf/turtlebot3_waffle_pi.urdf
[9.299s] -- Installing: /home/hoseok/turtlebot3_ws/install/turtlebot3_gazebo/share/turtlebot3_gazebo//urdf/turtlebot3_burger.urdf
[9.299s] -- Installing: /home/hoseok/turtlebot3_ws/install/turtlebot3_gazebo/share/turtlebot3_gazebo//worlds
[9.299s] -- Installing: /home/hoseok/turtlebot3_ws/install/turtlebot3_gazebo/share/turtlebot3_gazebo//worlds/turtlebot3_house.world
[9.299s] -- Installing: /home/hoseok/turtlebot3_ws/install/turtlebot3_gazebo/share/turtlebot3_gazebo//worlds/turtlebot3_dqn_stage2.world
[9.299s] -- Installing: /home/hoseok/turtlebot3_ws/install/turtlebot3_gazebo/share/turtlebot3_gazebo//worlds/turtlebot3_world.world
[9.299s] -- Installing: /home/hoseok/turtlebot3_ws/install/turtlebot3_gazebo/share/turtlebot3_gazebo//worlds/turtlebot3_dqn_stage3.world
[9.300s] -- Installing: /home/hoseok/turtlebot3_ws/install/turtlebot3_gazebo/share/turtlebot3_gazebo//worlds/turtlebot3_dqn_stage1.world
[9.300s] -- Installing: /home/hoseok/turtlebot3_ws/install/turtlebot3_gazebo/share/turtlebot3_gazebo//worlds/empty_world.world
[9.300s] -- Installing: /home/hoseok/turtlebot3_ws/install/turtlebot3_gazebo/share/turtlebot3_gazebo//worlds/turtlebot3_dqn_stage4.world
[9.300s] -- Installing: /home/hoseok/turtlebot3_ws/install/turtlebot3_gazebo/include/
[9.300s] -- Installing: /home/hoseok/turtlebot3_ws/install/turtlebot3_gazebo/include//turtlebot3_gazebo
[9.300s] -- Installing: /home/hoseok/turtlebot3_ws/install/turtlebot3_gazebo/include//turtlebot3_gazebo/turtlebot3_drive.hpp
[9.300s] -- Installing: /home/hoseok/turtlebot3_ws/install/turtlebot3_gazebo/share/ament_index/resource_index/package_run_dependencies/turtlebot3_gazebo
[9.300s] -- Installing: /home/hoseok/turtlebot3_ws/install/turtlebot3_gazebo/share/ament_index/resource_index/parent_prefix_path/turtlebot3_gazebo
[9.300s] -- Installing: /home/hoseok/turtlebot3_ws/install/turtlebot3_gazebo/share/turtlebot3_gazebo/environment/ament_prefix_path.sh
[9.300s] -- Installing: /home/hoseok/turtlebot3_ws/install/turtlebot3_gazebo/share/turtlebot3_gazebo/environment/ament_prefix_path.dsv
[9.300s] -- Installing: /home/hoseok/turtlebot3_ws/install/turtlebot3_gazebo/share/turtlebot3_gazebo/environment/path.sh
[9.300s] -- Installing: /home/hoseok/turtlebot3_ws/install/turtlebot3_gazebo/share/turtlebot3_gazebo/environment/path.dsv
[9.300s] -- Installing: /home/hoseok/turtlebot3_ws/install/turtlebot3_gazebo/share/turtlebot3_gazebo/local_setup.bash
[9.300s] -- Installing: /home/hoseok/turtlebot3_ws/install/turtlebot3_gazebo/share/turtlebot3_gazebo/local_setup.sh
[9.300s] -- Installing: /home/hoseok/turtlebot3_ws/install/turtlebot3_gazebo/share/turtlebot3_gazebo/local_setup.zsh
[9.300s] -- Installing: /home/hoseok/turtlebot3_ws/install/turtlebot3_gazebo/share/turtlebot3_gazebo/local_setup.dsv
[9.300s] -- Installing: /home/hoseok/turtlebot3_ws/install/turtlebot3_gazebo/share/turtlebot3_gazebo/package.dsv
[9.300s] -- Installing: /home/hoseok/turtlebot3_ws/install/turtlebot3_gazebo/share/ament_index/resource_index/packages/turtlebot3_gazebo
[9.300s] -- Installing: /home/hoseok/turtlebot3_ws/install/turtlebot3_gazebo/share/turtlebot3_gazebo/cmake/ament_cmake_export_include_directories-extras.cmake
[9.300s] -- Installing: /home/hoseok/turtlebot3_ws/install/turtlebot3_gazebo/share/turtlebot3_gazebo/cmake/ament_cmake_export_dependencies-extras.cmake
[9.300s] -- Installing: /home/hoseok/turtlebot3_ws/install/turtlebot3_gazebo/share/turtlebot3_gazebo/cmake/turtlebot3_gazeboConfig.cmake
[9.300s] -- Installing: /home/hoseok/turtlebot3_ws/install/turtlebot3_gazebo/share/turtlebot3_gazebo/cmake/turtlebot3_gazeboConfig-version.cmake
[9.300s] -- Installing: /home/hoseok/turtlebot3_ws/install/turtlebot3_gazebo/share/turtlebot3_gazebo/package.xml
[9.300s] Invoked command in '/home/hoseok/turtlebot3_ws/build/turtlebot3_gazebo' returned '0': CMAKE_PREFIX_PATH=${CMAKE_PREFIX_PATH}:/opt/ros/humble /usr/bin/cmake --install /home/hoseok/turtlebot3_ws/build/turtlebot3_gazebo
